\BOOKMARK [0][-]{chapter.1}{\376\377\0001\000\040\000O\000L\0001\0003}{}% 1
\BOOKMARK [0][-]{chapter.2}{\376\377\0002\000\040\000H\000i\000e\000r\000a\000r\000c\000h\000i\000c\000a\000l\000\040\000I\000n\000d\000e\000x}{}% 2
\BOOKMARK [1][-]{section.2.1}{\376\377\0002\000.\0001\000\040\000C\000l\000a\000s\000s\000\040\000H\000i\000e\000r\000a\000r\000c\000h\000y}{chapter.2}% 3
\BOOKMARK [0][-]{chapter.3}{\376\377\0003\000\040\000C\000l\000a\000s\000s\000\040\000I\000n\000d\000e\000x}{}% 4
\BOOKMARK [1][-]{section.3.1}{\376\377\0003\000.\0001\000\040\000C\000l\000a\000s\000s\000\040\000L\000i\000s\000t}{chapter.3}% 5
\BOOKMARK [0][-]{chapter.4}{\376\377\0004\000\040\000F\000i\000l\000e\000\040\000I\000n\000d\000e\000x}{}% 6
\BOOKMARK [1][-]{section.4.1}{\376\377\0004\000.\0001\000\040\000F\000i\000l\000e\000\040\000L\000i\000s\000t}{chapter.4}% 7
\BOOKMARK [0][-]{chapter.5}{\376\377\0005\000\040\000C\000l\000a\000s\000s\000\040\000D\000o\000c\000u\000m\000e\000n\000t\000a\000t\000i\000o\000n}{}% 8
\BOOKMARK [1][-]{section.5.1}{\376\377\0005\000.\0001\000\040\000a\000d\000d\000C\000o\000u\000p\000l\000e\000\040\000C\000l\000a\000s\000s\000\040\000R\000e\000f\000e\000r\000e\000n\000c\000e}{chapter.5}% 9
\BOOKMARK [2][-]{subsection.5.1.1}{\376\377\0005\000.\0001\000.\0001\000\040\000D\000e\000t\000a\000i\000l\000e\000d\000\040\000D\000e\000s\000c\000r\000i\000p\000t\000i\000o\000n}{section.5.1}% 10
\BOOKMARK [1][-]{section.5.2}{\376\377\0005\000.\0002\000\040\000A\000p\000p\000e\000n\000d\000T\000e\000x\000t\000\040\000C\000l\000a\000s\000s\000\040\000R\000e\000f\000e\000r\000e\000n\000c\000e}{chapter.5}% 11
\BOOKMARK [2][-]{subsection.5.2.1}{\376\377\0005\000.\0002\000.\0001\000\040\000D\000e\000t\000a\000i\000l\000e\000d\000\040\000D\000e\000s\000c\000r\000i\000p\000t\000i\000o\000n}{section.5.2}% 12
\BOOKMARK [1][-]{section.5.3}{\376\377\0005\000.\0003\000\040\000A\000r\000t\000i\000c\000l\000e\000\040\000C\000l\000a\000s\000s\000\040\000R\000e\000f\000e\000r\000e\000n\000c\000e}{chapter.5}% 13
\BOOKMARK [2][-]{subsection.5.3.1}{\376\377\0005\000.\0003\000.\0001\000\040\000D\000e\000t\000a\000i\000l\000e\000d\000\040\000D\000e\000s\000c\000r\000i\000p\000t\000i\000o\000n}{section.5.3}% 14
\BOOKMARK [2][-]{subsection.5.3.2}{\376\377\0005\000.\0003\000.\0002\000\040\000M\000e\000m\000b\000e\000r\000\040\000F\000u\000n\000c\000t\000i\000o\000n\000\040\000D\000o\000c\000u\000m\000e\000n\000t\000a\000t\000i\000o\000n}{section.5.3}% 15
\BOOKMARK [3][-]{subsubsection.5.3.2.1}{\376\377\0005\000.\0003\000.\0002\000.\0001\000\040\000t\000o\000S\000t\000r\000i\000n\000g\000\050\000\051}{subsection.5.3.2}% 16
\BOOKMARK [1][-]{section.5.4}{\376\377\0005\000.\0004\000\040\000C\000o\000u\000p\000l\000e\000M\000o\000d\000e\000l\000\040\000C\000l\000a\000s\000s\000\040\000R\000e\000f\000e\000r\000e\000n\000c\000e}{chapter.5}% 17
\BOOKMARK [2][-]{subsection.5.4.1}{\376\377\0005\000.\0004\000.\0001\000\040\000D\000e\000t\000a\000i\000l\000e\000d\000\040\000D\000e\000s\000c\000r\000i\000p\000t\000i\000o\000n}{section.5.4}% 18
\BOOKMARK [1][-]{section.5.5}{\376\377\0005\000.\0005\000\040\000C\000r\000e\000a\000t\000i\000o\000n\000\137\000N\000o\000t\000e\000\040\000C\000l\000a\000s\000s\000\040\000R\000e\000f\000e\000r\000e\000n\000c\000e}{chapter.5}% 19
\BOOKMARK [2][-]{subsection.5.5.1}{\376\377\0005\000.\0005\000.\0001\000\040\000D\000e\000t\000a\000i\000l\000e\000d\000\040\000D\000e\000s\000c\000r\000i\000p\000t\000i\000o\000n}{section.5.5}% 20
\BOOKMARK [1][-]{section.5.6}{\376\377\0005\000.\0006\000\040\000D\000e\000l\000e\000t\000e\000d\000N\000o\000t\000e\000\040\000C\000l\000a\000s\000s\000\040\000R\000e\000f\000e\000r\000e\000n\000c\000e}{chapter.5}% 21
\BOOKMARK [2][-]{subsection.5.6.1}{\376\377\0005\000.\0006\000.\0001\000\040\000D\000e\000t\000a\000i\000l\000e\000d\000\040\000D\000e\000s\000c\000r\000i\000p\000t\000i\000o\000n}{section.5.6}% 22
\BOOKMARK [1][-]{section.5.7}{\376\377\0005\000.\0007\000\040\000D\000o\000c\000k\000\040\000C\000l\000a\000s\000s\000\040\000R\000e\000f\000e\000r\000e\000n\000c\000e}{chapter.5}% 23
\BOOKMARK [2][-]{subsection.5.7.1}{\376\377\0005\000.\0007\000.\0001\000\040\000D\000e\000t\000a\000i\000l\000e\000d\000\040\000D\000e\000s\000c\000r\000i\000p\000t\000i\000o\000n}{section.5.7}% 24
\BOOKMARK [1][-]{section.5.8}{\376\377\0005\000.\0008\000\040\000D\000o\000c\000k\000A\000r\000c\000h\000i\000v\000e\000d\000\040\000C\000l\000a\000s\000s\000\040\000R\000e\000f\000e\000r\000e\000n\000c\000e}{chapter.5}% 25
\BOOKMARK [2][-]{subsection.5.8.1}{\376\377\0005\000.\0008\000.\0001\000\040\000D\000e\000t\000a\000i\000l\000e\000d\000\040\000D\000e\000s\000c\000r\000i\000p\000t\000i\000o\000n}{section.5.8}% 26
\BOOKMARK [1][-]{section.5.9}{\376\377\0005\000.\0009\000\040\000D\000o\000c\000k\000R\000e\000m\000o\000v\000e\000\040\000C\000l\000a\000s\000s\000\040\000R\000e\000f\000e\000r\000e\000n\000c\000e}{chapter.5}% 27
\BOOKMARK [2][-]{subsection.5.9.1}{\376\377\0005\000.\0009\000.\0001\000\040\000D\000e\000t\000a\000i\000l\000e\000d\000\040\000D\000e\000s\000c\000r\000i\000p\000t\000i\000o\000n}{section.5.9}% 28
\BOOKMARK [1][-]{section.5.10}{\376\377\0005\000.\0001\0000\000\040\000E\000d\000i\000t\000\137\000N\000o\000t\000e\000s\000C\000o\000u\000p\000l\000e\000\040\000C\000l\000a\000s\000s\000\040\000R\000e\000f\000e\000r\000e\000n\000c\000e}{chapter.5}% 29
\BOOKMARK [2][-]{subsection.5.10.1}{\376\377\0005\000.\0001\0000\000.\0001\000\040\000D\000e\000t\000a\000i\000l\000e\000d\000\040\000D\000e\000s\000c\000r\000i\000p\000t\000i\000o\000n}{section.5.10}% 30
\BOOKMARK [2][-]{subsection.5.10.2}{\376\377\0005\000.\0001\0000\000.\0002\000\040\000C\000o\000n\000s\000t\000r\000u\000c\000t\000o\000r\000\040\000\046\000\040\000D\000e\000s\000t\000r\000u\000c\000t\000o\000r\000\040\000D\000o\000c\000u\000m\000e\000n\000t\000a\000t\000i\000o\000n}{section.5.10}% 31
\BOOKMARK [3][-]{subsubsection.5.10.2.1}{\376\377\0005\000.\0001\0000\000.\0002\000.\0001\000\040\000E\000d\000i\000t\000\137\000N\000o\000t\000e\000s\000C\000o\000u\000p\000l\000e\000\050\000\051}{subsection.5.10.2}% 32
\BOOKMARK [1][-]{section.5.11}{\376\377\0005\000.\0001\0001\000\040\000E\000d\000i\000t\000\137\000r\000e\000l\000a\000t\000i\000o\000n\000\040\000C\000l\000a\000s\000s\000\040\000R\000e\000f\000e\000r\000e\000n\000c\000e}{chapter.5}% 33
\BOOKMARK [2][-]{subsection.5.11.1}{\376\377\0005\000.\0001\0001\000.\0001\000\040\000D\000e\000t\000a\000i\000l\000e\000d\000\040\000D\000e\000s\000c\000r\000i\000p\000t\000i\000o\000n}{section.5.11}% 34
\BOOKMARK [1][-]{section.5.12}{\376\377\0005\000.\0001\0002\000\040\000i\000n\000t\000e\000r\000f\000a\000c\000e\000\040\000C\000l\000a\000s\000s\000\040\000R\000e\000f\000e\000r\000e\000n\000c\000e}{chapter.5}% 35
\BOOKMARK [2][-]{subsection.5.12.1}{\376\377\0005\000.\0001\0002\000.\0001\000\040\000D\000e\000t\000a\000i\000l\000e\000d\000\040\000D\000e\000s\000c\000r\000i\000p\000t\000i\000o\000n}{section.5.12}% 36
\BOOKMARK [2][-]{subsection.5.12.2}{\376\377\0005\000.\0001\0002\000.\0002\000\040\000C\000o\000n\000s\000t\000r\000u\000c\000t\000o\000r\000\040\000\046\000\040\000D\000e\000s\000t\000r\000u\000c\000t\000o\000r\000\040\000D\000o\000c\000u\000m\000e\000n\000t\000a\000t\000i\000o\000n}{section.5.12}% 37
\BOOKMARK [3][-]{subsubsection.5.12.2.1}{\376\377\0005\000.\0001\0002\000.\0002\000.\0001\000\040\000i\000n\000t\000e\000r\000f\000a\000c\000e\000\050\000\051}{subsection.5.12.2}% 38
\BOOKMARK [2][-]{subsection.5.12.3}{\376\377\0005\000.\0001\0002\000.\0003\000\040\000M\000e\000m\000b\000e\000r\000\040\000F\000u\000n\000c\000t\000i\000o\000n\000\040\000D\000o\000c\000u\000m\000e\000n\000t\000a\000t\000i\000o\000n}{section.5.12}% 39
\BOOKMARK [3][-]{subsubsection.5.12.3.1}{\376\377\0005\000.\0001\0002\000.\0003\000.\0001\000\040\000a\000f\000f\000i\000c\000h\000e\000r\000\137\000n\000o\000t\000e}{subsection.5.12.3}% 40
\BOOKMARK [3][-]{subsubsection.5.12.3.2}{\376\377\0005\000.\0001\0002\000.\0003\000.\0002\000\040\000C\000r\000e\000e\000r\000N\000o\000t\000e}{subsection.5.12.3}% 41
\BOOKMARK [3][-]{subsubsection.5.12.3.3}{\376\377\0005\000.\0001\0002\000.\0003\000.\0003\000\040\000O\000u\000v\000r\000i\000r\000F\000i\000c\000h\000i\000e\000r}{subsection.5.12.3}% 42
\BOOKMARK [3][-]{subsubsection.5.12.3.4}{\376\377\0005\000.\0001\0002\000.\0003\000.\0004\000\040\000s\000a\000v\000e}{subsection.5.12.3}% 43
\BOOKMARK [1][-]{section.5.13}{\376\377\0005\000.\0001\0003\000\040\000R\000e\000l\000a\000t\000i\000o\000n\000M\000a\000n\000a\000g\000e\000r\000:\000:\000I\000t\000e\000r\000a\000t\000o\000r\000\040\000C\000l\000a\000s\000s\000\040\000R\000e\000f\000e\000r\000e\000n\000c\000e}{chapter.5}% 44
\BOOKMARK [2][-]{subsection.5.13.1}{\376\377\0005\000.\0001\0003\000.\0001\000\040\000D\000e\000t\000a\000i\000l\000e\000d\000\040\000D\000e\000s\000c\000r\000i\000p\000t\000i\000o\000n}{section.5.13}% 45
\BOOKMARK [1][-]{section.5.14}{\376\377\0005\000.\0001\0004\000\040\000R\000e\000l\000a\000t\000i\000o\000n\000:\000:\000I\000t\000e\000r\000a\000t\000o\000r\000\040\000C\000l\000a\000s\000s\000\040\000R\000e\000f\000e\000r\000e\000n\000c\000e}{chapter.5}% 46
\BOOKMARK [2][-]{subsection.5.14.1}{\376\377\0005\000.\0001\0004\000.\0001\000\040\000D\000e\000t\000a\000i\000l\000e\000d\000\040\000D\000e\000s\000c\000r\000i\000p\000t\000i\000o\000n}{section.5.14}% 47
\BOOKMARK [1][-]{section.5.15}{\376\377\0005\000.\0001\0005\000\040\000N\000o\000t\000e\000s\000M\000a\000n\000a\000g\000e\000r\000:\000:\000I\000t\000e\000r\000a\000t\000o\000r\000\040\000C\000l\000a\000s\000s\000\040\000R\000e\000f\000e\000r\000e\000n\000c\000e}{chapter.5}% 48
\BOOKMARK [2][-]{subsection.5.15.1}{\376\377\0005\000.\0001\0005\000.\0001\000\040\000D\000e\000t\000a\000i\000l\000e\000d\000\040\000D\000e\000s\000c\000r\000i\000p\000t\000i\000o\000n}{section.5.15}% 49
\BOOKMARK [1][-]{section.5.16}{\376\377\0005\000.\0001\0006\000\040\000N\000o\000t\000e\000\040\000C\000l\000a\000s\000s\000\040\000R\000e\000f\000e\000r\000e\000n\000c\000e}{chapter.5}% 50
\BOOKMARK [2][-]{subsection.5.16.1}{\376\377\0005\000.\0001\0006\000.\0001\000\040\000D\000e\000t\000a\000i\000l\000e\000d\000\040\000D\000e\000s\000c\000r\000i\000p\000t\000i\000o\000n}{section.5.16}% 51
\BOOKMARK [2][-]{subsection.5.16.2}{\376\377\0005\000.\0001\0006\000.\0002\000\040\000C\000o\000n\000s\000t\000r\000u\000c\000t\000o\000r\000\040\000\046\000\040\000D\000e\000s\000t\000r\000u\000c\000t\000o\000r\000\040\000D\000o\000c\000u\000m\000e\000n\000t\000a\000t\000i\000o\000n}{section.5.16}% 52
\BOOKMARK [3][-]{subsubsection.5.16.2.1}{\376\377\0005\000.\0001\0006\000.\0002\000.\0001\000\040\000N\000o\000t\000e\000\050\000\051\000\040\000[\0001\000/\0002\000]}{subsection.5.16.2}% 53
\BOOKMARK [3][-]{subsubsection.5.16.2.2}{\376\377\0005\000.\0001\0006\000.\0002\000.\0002\000\040\000N\000o\000t\000e\000\050\000\051\000\040\000[\0002\000/\0002\000]}{subsection.5.16.2}% 54
\BOOKMARK [2][-]{subsection.5.16.3}{\376\377\0005\000.\0001\0006\000.\0003\000\040\000M\000e\000m\000b\000e\000r\000\040\000F\000u\000n\000c\000t\000i\000o\000n\000\040\000D\000o\000c\000u\000m\000e\000n\000t\000a\000t\000i\000o\000n}{section.5.16}% 55
\BOOKMARK [3][-]{subsubsection.5.16.3.1}{\376\377\0005\000.\0001\0006\000.\0003\000.\0001\000\040\000d\000e\000l\000e\000t\000e\000A\000l\000l\000R\000e\000f\000e\000r\000e\000n\000c\000e\000\050\000\051}{subsection.5.16.3}% 56
\BOOKMARK [3][-]{subsubsection.5.16.3.2}{\376\377\0005\000.\0001\0006\000.\0003\000.\0002\000\040\000d\000e\000l\000e\000t\000e\000R\000e\000f\000e\000r\000e\000n\000c\000e\000\050\000\051}{subsection.5.16.3}% 57
\BOOKMARK [3][-]{subsubsection.5.16.3.3}{\376\377\0005\000.\0001\0006\000.\0003\000.\0003\000\040\000g\000e\000n\000e\000r\000a\000t\000e\000R\000e\000f\000\050\000\051}{subsection.5.16.3}% 58
\BOOKMARK [3][-]{subsubsection.5.16.3.4}{\376\377\0005\000.\0001\0006\000.\0003\000.\0004\000\040\000g\000e\000t\000R\000e\000f\000e\000r\000e\000n\000c\000e\000\050\000\051}{subsection.5.16.3}% 59
\BOOKMARK [3][-]{subsubsection.5.16.3.5}{\376\377\0005\000.\0001\0006\000.\0003\000.\0005\000\040\000s\000e\000t\000N\000e\000w\000R\000e\000f\000\050\000\051}{subsection.5.16.3}% 60
\BOOKMARK [3][-]{subsubsection.5.16.3.6}{\376\377\0005\000.\0001\0006\000.\0003\000.\0006\000\040\000t\000o\000S\000t\000r\000i\000n\000g\000\050\000\051}{subsection.5.16.3}% 61
\BOOKMARK [1][-]{section.5.17}{\376\377\0005\000.\0001\0007\000\040\000N\000o\000t\000e\000s\000C\000o\000u\000p\000l\000e\000\040\000C\000l\000a\000s\000s\000\040\000R\000e\000f\000e\000r\000e\000n\000c\000e}{chapter.5}% 62
\BOOKMARK [2][-]{subsection.5.17.1}{\376\377\0005\000.\0001\0007\000.\0001\000\040\000D\000e\000t\000a\000i\000l\000e\000d\000\040\000D\000e\000s\000c\000r\000i\000p\000t\000i\000o\000n}{section.5.17}% 63
\BOOKMARK [1][-]{section.5.18}{\376\377\0005\000.\0001\0008\000\040\000N\000o\000t\000e\000s\000E\000x\000c\000e\000p\000t\000i\000o\000n\000\040\000C\000l\000a\000s\000s\000\040\000R\000e\000f\000e\000r\000e\000n\000c\000e}{chapter.5}% 64
\BOOKMARK [2][-]{subsection.5.18.1}{\376\377\0005\000.\0001\0008\000.\0001\000\040\000D\000e\000t\000a\000i\000l\000e\000d\000\040\000D\000e\000s\000c\000r\000i\000p\000t\000i\000o\000n}{section.5.18}% 65
\BOOKMARK [1][-]{section.5.19}{\376\377\0005\000.\0001\0009\000\040\000N\000o\000t\000e\000s\000M\000a\000n\000a\000g\000e\000r\000\040\000C\000l\000a\000s\000s\000\040\000R\000e\000f\000e\000r\000e\000n\000c\000e}{chapter.5}% 66
\BOOKMARK [2][-]{subsection.5.19.1}{\376\377\0005\000.\0001\0009\000.\0001\000\040\000D\000e\000t\000a\000i\000l\000e\000d\000\040\000D\000e\000s\000c\000r\000i\000p\000t\000i\000o\000n}{section.5.19}% 67
\BOOKMARK [2][-]{subsection.5.19.2}{\376\377\0005\000.\0001\0009\000.\0002\000\040\000M\000e\000m\000b\000e\000r\000\040\000F\000u\000n\000c\000t\000i\000o\000n\000\040\000D\000o\000c\000u\000m\000e\000n\000t\000a\000t\000i\000o\000n}{section.5.19}% 68
\BOOKMARK [3][-]{subsubsection.5.19.2.1}{\376\377\0005\000.\0001\0009\000.\0002\000.\0001\000\040\000d\000e\000l\000e\000t\000e\000N\000o\000t\000e\000\050\000\051}{subsection.5.19.2}% 69
\BOOKMARK [3][-]{subsubsection.5.19.2.2}{\376\377\0005\000.\0001\0009\000.\0002\000.\0002\000\040\000e\000d\000i\000t\000A\000r\000t\000i\000c\000l\000e\000\050\000\051}{subsection.5.19.2}% 70
\BOOKMARK [3][-]{subsubsection.5.19.2.3}{\376\377\0005\000.\0001\0009\000.\0002\000.\0003\000\040\000e\000d\000i\000t\000R\000e\000c\000o\000r\000d\000i\000n\000g\000\050\000\051}{subsection.5.19.2}% 71
\BOOKMARK [3][-]{subsubsection.5.19.2.4}{\376\377\0005\000.\0001\0009\000.\0002\000.\0004\000\040\000e\000d\000i\000t\000T\000a\000s\000k\000\050\000\051}{subsection.5.19.2}% 72
\BOOKMARK [3][-]{subsubsection.5.19.2.5}{\376\377\0005\000.\0001\0009\000.\0002\000.\0005\000\040\000e\000m\000p\000t\000y\000T\000r\000a\000s\000h\000\050\000\051}{subsection.5.19.2}% 73
\BOOKMARK [3][-]{subsubsection.5.19.2.6}{\376\377\0005\000.\0001\0009\000.\0002\000.\0006\000\040\000g\000e\000t\000F\000i\000l\000e\000n\000a\000m\000e\000\050\000\051}{subsection.5.19.2}% 74
\BOOKMARK [3][-]{subsubsection.5.19.2.7}{\376\377\0005\000.\0001\0009\000.\0002\000.\0007\000\040\000g\000e\000t\000L\000i\000s\000t\000A\000s\000c\000e\000n\000d\000a\000n\000t\000s\000\050\000\051}{subsection.5.19.2}% 75
\BOOKMARK [3][-]{subsubsection.5.19.2.8}{\376\377\0005\000.\0001\0009\000.\0002\000.\0008\000\040\000g\000e\000t\000L\000i\000s\000t\000D\000e\000s\000c\000e\000n\000d\000a\000n\000t\000s\000\050\000\051}{subsection.5.19.2}% 76
\BOOKMARK [3][-]{subsubsection.5.19.2.9}{\376\377\0005\000.\0001\0009\000.\0002\000.\0009\000\040\000g\000e\000t\000L\000i\000s\000t\000e\000V\000e\000r\000s\000i\000o\000n\000s\000\050\000\051}{subsection.5.19.2}% 77
\BOOKMARK [3][-]{subsubsection.5.19.2.10}{\376\377\0005\000.\0001\0009\000.\0002\000.\0001\0000\000\040\000g\000e\000t\000L\000i\000s\000t\000T\000u\000p\000l\000e\000A\000s\000c\000e\000n\000d\000a\000n\000t\000s\000\050\000\051}{subsection.5.19.2}% 78
\BOOKMARK [3][-]{subsubsection.5.19.2.11}{\376\377\0005\000.\0001\0009\000.\0002\000.\0001\0001\000\040\000g\000e\000t\000L\000i\000s\000t\000T\000u\000p\000l\000e\000D\000e\000s\000c\000e\000n\000d\000a\000n\000t\000s\000\050\000\051}{subsection.5.19.2}% 79
\BOOKMARK [3][-]{subsubsection.5.19.2.12}{\376\377\0005\000.\0001\0009\000.\0002\000.\0001\0002\000\040\000g\000e\000t\000N\000e\000w\000A\000r\000t\000i\000c\000l\000e\000\050\000\051}{subsection.5.19.2}% 80
\BOOKMARK [3][-]{subsubsection.5.19.2.13}{\376\377\0005\000.\0001\0009\000.\0002\000.\0001\0003\000\040\000g\000e\000t\000N\000e\000w\000R\000e\000c\000o\000r\000d\000i\000n\000g\000\050\000\051}{subsection.5.19.2}% 81
\BOOKMARK [3][-]{subsubsection.5.19.2.14}{\376\377\0005\000.\0001\0009\000.\0002\000.\0001\0004\000\040\000g\000e\000t\000N\000e\000w\000T\000a\000s\000k\000\050\000\051}{subsection.5.19.2}% 82
\BOOKMARK [3][-]{subsubsection.5.19.2.15}{\376\377\0005\000.\0001\0009\000.\0002\000.\0001\0005\000\040\000g\000e\000t\000N\000o\000t\000e\000\050\000\051}{subsection.5.19.2}% 83
\BOOKMARK [3][-]{subsubsection.5.19.2.16}{\376\377\0005\000.\0001\0009\000.\0002\000.\0001\0006\000\040\000g\000e\000t\000N\000o\000t\000e\000V\000e\000r\000s\000i\000o\000n\000\050\000\051}{subsection.5.19.2}% 84
\BOOKMARK [3][-]{subsubsection.5.19.2.17}{\376\377\0005\000.\0001\0009\000.\0002\000.\0001\0007\000\040\000l\000o\000a\000d\000\050\000\051}{subsection.5.19.2}% 85
\BOOKMARK [3][-]{subsubsection.5.19.2.18}{\376\377\0005\000.\0001\0009\000.\0002\000.\0001\0008\000\040\000r\000e\000s\000t\000o\000r\000e\000N\000o\000t\000e\000T\000r\000a\000s\000h\000\050\000\051}{subsection.5.19.2}% 86
\BOOKMARK [3][-]{subsubsection.5.19.2.19}{\376\377\0005\000.\0001\0009\000.\0002\000.\0001\0009\000\040\000s\000a\000v\000e\000\050\000\051}{subsection.5.19.2}% 87
\BOOKMARK [3][-]{subsubsection.5.19.2.20}{\376\377\0005\000.\0001\0009\000.\0002\000.\0002\0000\000\040\000s\000e\000t\000F\000i\000l\000e\000n\000a\000m\000e\000\050\000\051}{subsection.5.19.2}% 88
\BOOKMARK [1][-]{section.5.20}{\376\377\0005\000.\0002\0000\000\040\000p\000a\000g\000e\000\137\000n\000o\000t\000e\000s\000\040\000C\000l\000a\000s\000s\000\040\000R\000e\000f\000e\000r\000e\000n\000c\000e}{chapter.5}% 89
\BOOKMARK [2][-]{subsection.5.20.1}{\376\377\0005\000.\0002\0000\000.\0001\000\040\000D\000e\000t\000a\000i\000l\000e\000d\000\040\000D\000e\000s\000c\000r\000i\000p\000t\000i\000o\000n}{section.5.20}% 90
\BOOKMARK [2][-]{subsection.5.20.2}{\376\377\0005\000.\0002\0000\000.\0002\000\040\000C\000o\000n\000s\000t\000r\000u\000c\000t\000o\000r\000\040\000\046\000\040\000D\000e\000s\000t\000r\000u\000c\000t\000o\000r\000\040\000D\000o\000c\000u\000m\000e\000n\000t\000a\000t\000i\000o\000n}{section.5.20}% 91
\BOOKMARK [3][-]{subsubsection.5.20.2.1}{\376\377\0005\000.\0002\0000\000.\0002\000.\0001\000\040\000p\000a\000g\000e\000\137\000n\000o\000t\000e\000s\000\050\000\051}{subsection.5.20.2}% 92
\BOOKMARK [1][-]{section.5.21}{\376\377\0005\000.\0002\0001\000\040\000p\000a\000g\000e\000\137\000v\000i\000d\000e\000\040\000C\000l\000a\000s\000s\000\040\000R\000e\000f\000e\000r\000e\000n\000c\000e}{chapter.5}% 93
\BOOKMARK [2][-]{subsection.5.21.1}{\376\377\0005\000.\0002\0001\000.\0001\000\040\000D\000e\000t\000a\000i\000l\000e\000d\000\040\000D\000e\000s\000c\000r\000i\000p\000t\000i\000o\000n}{section.5.21}% 94
\BOOKMARK [1][-]{section.5.22}{\376\377\0005\000.\0002\0002\000\040\000Q\000A\000r\000t\000i\000c\000l\000e\000\040\000C\000l\000a\000s\000s\000\040\000R\000e\000f\000e\000r\000e\000n\000c\000e}{chapter.5}% 95
\BOOKMARK [2][-]{subsection.5.22.1}{\376\377\0005\000.\0002\0002\000.\0001\000\040\000D\000e\000t\000a\000i\000l\000e\000d\000\040\000D\000e\000s\000c\000r\000i\000p\000t\000i\000o\000n}{section.5.22}% 96
\BOOKMARK [1][-]{section.5.23}{\376\377\0005\000.\0002\0003\000\040\000Q\000D\000o\000c\000k\000R\000e\000l\000a\000t\000i\000o\000n\000\040\000C\000l\000a\000s\000s\000\040\000R\000e\000f\000e\000r\000e\000n\000c\000e}{chapter.5}% 97
\BOOKMARK [2][-]{subsection.5.23.1}{\376\377\0005\000.\0002\0003\000.\0001\000\040\000D\000e\000t\000a\000i\000l\000e\000d\000\040\000D\000e\000s\000c\000r\000i\000p\000t\000i\000o\000n}{section.5.23}% 98
\BOOKMARK [1][-]{section.5.24}{\376\377\0005\000.\0002\0004\000\040\000Q\000M\000a\000n\000a\000g\000e\000R\000e\000l\000a\000t\000i\000o\000n\000\040\000C\000l\000a\000s\000s\000\040\000R\000e\000f\000e\000r\000e\000n\000c\000e}{chapter.5}% 99
\BOOKMARK [2][-]{subsection.5.24.1}{\376\377\0005\000.\0002\0004\000.\0001\000\040\000D\000e\000t\000a\000i\000l\000e\000d\000\040\000D\000e\000s\000c\000r\000i\000p\000t\000i\000o\000n}{section.5.24}% 100
\BOOKMARK [1][-]{section.5.25}{\376\377\0005\000.\0002\0005\000\040\000Q\000N\000o\000t\000e\000\040\000C\000l\000a\000s\000s\000\040\000R\000e\000f\000e\000r\000e\000n\000c\000e}{chapter.5}% 101
\BOOKMARK [2][-]{subsection.5.25.1}{\376\377\0005\000.\0002\0005\000.\0001\000\040\000D\000e\000t\000a\000i\000l\000e\000d\000\040\000D\000e\000s\000c\000r\000i\000p\000t\000i\000o\000n}{section.5.25}% 102
\BOOKMARK [2][-]{subsection.5.25.2}{\376\377\0005\000.\0002\0005\000.\0002\000\040\000C\000o\000n\000s\000t\000r\000u\000c\000t\000o\000r\000\040\000\046\000\040\000D\000e\000s\000t\000r\000u\000c\000t\000o\000r\000\040\000D\000o\000c\000u\000m\000e\000n\000t\000a\000t\000i\000o\000n}{section.5.25}% 103
\BOOKMARK [3][-]{subsubsection.5.25.2.1}{\376\377\0005\000.\0002\0005\000.\0002\000.\0001\000\040\000Q\000N\000o\000t\000e\000\050\000\051}{subsection.5.25.2}% 104
\BOOKMARK [1][-]{section.5.26}{\376\377\0005\000.\0002\0006\000\040\000Q\000N\000o\000t\000e\000s\000C\000o\000u\000p\000l\000e\000\040\000C\000l\000a\000s\000s\000\040\000R\000e\000f\000e\000r\000e\000n\000c\000e}{chapter.5}% 105
\BOOKMARK [2][-]{subsection.5.26.1}{\376\377\0005\000.\0002\0006\000.\0001\000\040\000D\000e\000t\000a\000i\000l\000e\000d\000\040\000D\000e\000s\000c\000r\000i\000p\000t\000i\000o\000n}{section.5.26}% 106
\BOOKMARK [1][-]{section.5.27}{\376\377\0005\000.\0002\0007\000\040\000Q\000R\000e\000c\000o\000r\000d\000i\000n\000g\000\040\000C\000l\000a\000s\000s\000\040\000R\000e\000f\000e\000r\000e\000n\000c\000e}{chapter.5}% 107
\BOOKMARK [2][-]{subsection.5.27.1}{\376\377\0005\000.\0002\0007\000.\0001\000\040\000D\000e\000t\000a\000i\000l\000e\000d\000\040\000D\000e\000s\000c\000r\000i\000p\000t\000i\000o\000n}{section.5.27}% 108
\BOOKMARK [1][-]{section.5.28}{\376\377\0005\000.\0002\0008\000\040\000Q\000r\000e\000f\000e\000r\000e\000n\000c\000e\000\040\000C\000l\000a\000s\000s\000\040\000R\000e\000f\000e\000r\000e\000n\000c\000e}{chapter.5}% 109
\BOOKMARK [2][-]{subsection.5.28.1}{\376\377\0005\000.\0002\0008\000.\0001\000\040\000D\000e\000t\000a\000i\000l\000e\000d\000\040\000D\000e\000s\000c\000r\000i\000p\000t\000i\000o\000n}{section.5.28}% 110
\BOOKMARK [1][-]{section.5.29}{\376\377\0005\000.\0002\0009\000\040\000Q\000r\000e\000l\000a\000t\000i\000o\000n\000s\000\040\000C\000l\000a\000s\000s\000\040\000R\000e\000f\000e\000r\000e\000n\000c\000e}{chapter.5}% 111
\BOOKMARK [2][-]{subsection.5.29.1}{\376\377\0005\000.\0002\0009\000.\0001\000\040\000D\000e\000t\000a\000i\000l\000e\000d\000\040\000D\000e\000s\000c\000r\000i\000p\000t\000i\000o\000n}{section.5.29}% 112
\BOOKMARK [1][-]{section.5.30}{\376\377\0005\000.\0003\0000\000\040\000Q\000T\000a\000s\000k\000\040\000C\000l\000a\000s\000s\000\040\000R\000e\000f\000e\000r\000e\000n\000c\000e}{chapter.5}% 113
\BOOKMARK [2][-]{subsection.5.30.1}{\376\377\0005\000.\0003\0000\000.\0001\000\040\000D\000e\000t\000a\000i\000l\000e\000d\000\040\000D\000e\000s\000c\000r\000i\000p\000t\000i\000o\000n}{section.5.30}% 114
\BOOKMARK [1][-]{section.5.31}{\376\377\0005\000.\0003\0001\000\040\000Q\000U\000i\000R\000e\000l\000a\000t\000i\000o\000n\000\040\000C\000l\000a\000s\000s\000\040\000R\000e\000f\000e\000r\000e\000n\000c\000e}{chapter.5}% 115
\BOOKMARK [2][-]{subsection.5.31.1}{\376\377\0005\000.\0003\0001\000.\0001\000\040\000D\000e\000t\000a\000i\000l\000e\000d\000\040\000D\000e\000s\000c\000r\000i\000p\000t\000i\000o\000n}{section.5.31}% 116
\BOOKMARK [1][-]{section.5.32}{\376\377\0005\000.\0003\0002\000\040\000R\000e\000c\000o\000r\000d\000i\000n\000g\000\040\000C\000l\000a\000s\000s\000\040\000R\000e\000f\000e\000r\000e\000n\000c\000e}{chapter.5}% 117
\BOOKMARK [2][-]{subsection.5.32.1}{\376\377\0005\000.\0003\0002\000.\0001\000\040\000D\000e\000t\000a\000i\000l\000e\000d\000\040\000D\000e\000s\000c\000r\000i\000p\000t\000i\000o\000n}{section.5.32}% 118
\BOOKMARK [2][-]{subsection.5.32.2}{\376\377\0005\000.\0003\0002\000.\0002\000\040\000M\000e\000m\000b\000e\000r\000\040\000F\000u\000n\000c\000t\000i\000o\000n\000\040\000D\000o\000c\000u\000m\000e\000n\000t\000a\000t\000i\000o\000n}{section.5.32}% 119
\BOOKMARK [3][-]{subsubsection.5.32.2.1}{\376\377\0005\000.\0003\0002\000.\0002\000.\0001\000\040\000t\000o\000S\000t\000r\000i\000n\000g\000\050\000\051}{subsection.5.32.2}% 120
\BOOKMARK [1][-]{section.5.33}{\376\377\0005\000.\0003\0003\000\040\000R\000e\000l\000a\000t\000i\000o\000n\000\040\000C\000l\000a\000s\000s\000\040\000R\000e\000f\000e\000r\000e\000n\000c\000e}{chapter.5}% 121
\BOOKMARK [2][-]{subsection.5.33.1}{\376\377\0005\000.\0003\0003\000.\0001\000\040\000D\000e\000t\000a\000i\000l\000e\000d\000\040\000D\000e\000s\000c\000r\000i\000p\000t\000i\000o\000n}{section.5.33}% 122
\BOOKMARK [2][-]{subsection.5.33.2}{\376\377\0005\000.\0003\0003\000.\0002\000\040\000M\000e\000m\000b\000e\000r\000\040\000F\000u\000n\000c\000t\000i\000o\000n\000\040\000D\000o\000c\000u\000m\000e\000n\000t\000a\000t\000i\000o\000n}{section.5.33}% 123
\BOOKMARK [3][-]{subsubsection.5.33.2.1}{\376\377\0005\000.\0003\0003\000.\0002\000.\0001\000\040\000d\000i\000s\000p\000l\000a\000y\000C\000o\000u\000p\000l\000e\000R\000e\000l\000a\000t\000i\000o\000n\000\050\000\051}{subsection.5.33.2}% 124
\BOOKMARK [3][-]{subsubsection.5.33.2.2}{\376\377\0005\000.\0003\0003\000.\0002\000.\0002\000\040\000g\000e\000t\000C\000o\000u\000p\000l\000e\000R\000e\000l\000a\000t\000i\000o\000n\000\050\000\051}{subsection.5.33.2}% 125
\BOOKMARK [3][-]{subsubsection.5.33.2.3}{\376\377\0005\000.\0003\0003\000.\0002\000.\0003\000\040\000g\000e\000t\000N\000e\000w\000C\000o\000u\000p\000l\000e\000R\000e\000l\000a\000t\000i\000o\000n\000\050\000\051}{subsection.5.33.2}% 126
\BOOKMARK [3][-]{subsubsection.5.33.2.4}{\376\377\0005\000.\0003\0003\000.\0002\000.\0004\000\040\000r\000e\000m\000o\000v\000e\000C\000o\000u\000p\000l\000e\000R\000e\000l\000a\000t\000i\000o\000n\000\050\000\051}{subsection.5.33.2}% 127
\BOOKMARK [3][-]{subsubsection.5.33.2.5}{\376\377\0005\000.\0003\0003\000.\0002\000.\0005\000\040\000r\000e\000m\000o\000v\000e\000N\000o\000t\000e\000R\000e\000l\000a\000t\000i\000o\000n\000\050\000\051}{subsection.5.33.2}% 128
\BOOKMARK [1][-]{section.5.34}{\376\377\0005\000.\0003\0004\000\040\000R\000e\000l\000a\000t\000i\000o\000n\000M\000a\000n\000a\000g\000e\000r\000\040\000C\000l\000a\000s\000s\000\040\000R\000e\000f\000e\000r\000e\000n\000c\000e}{chapter.5}% 129
\BOOKMARK [2][-]{subsection.5.34.1}{\376\377\0005\000.\0003\0004\000.\0001\000\040\000D\000e\000t\000a\000i\000l\000e\000d\000\040\000D\000e\000s\000c\000r\000i\000p\000t\000i\000o\000n}{section.5.34}% 130
\BOOKMARK [2][-]{subsection.5.34.2}{\376\377\0005\000.\0003\0004\000.\0002\000\040\000M\000e\000m\000b\000e\000r\000\040\000F\000u\000n\000c\000t\000i\000o\000n\000\040\000D\000o\000c\000u\000m\000e\000n\000t\000a\000t\000i\000o\000n}{section.5.34}% 131
\BOOKMARK [3][-]{subsubsection.5.34.2.1}{\376\377\0005\000.\0003\0004\000.\0002\000.\0001\000\040\000d\000e\000l\000e\000t\000e\000R\000e\000l\000a\000t\000i\000o\000n\000\050\000\051}{subsection.5.34.2}% 132
\BOOKMARK [3][-]{subsubsection.5.34.2.2}{\376\377\0005\000.\0003\0004\000.\0002\000.\0002\000\040\000g\000e\000t\000N\000e\000w\000R\000e\000l\000a\000t\000i\000o\000n\000\050\000\051}{subsection.5.34.2}% 133
\BOOKMARK [3][-]{subsubsection.5.34.2.3}{\376\377\0005\000.\0003\0004\000.\0002\000.\0003\000\040\000g\000e\000t\000R\000e\000l\000a\000t\000i\000o\000n\000\050\000\051}{subsection.5.34.2}% 134
\BOOKMARK [3][-]{subsubsection.5.34.2.4}{\376\377\0005\000.\0003\0004\000.\0002\000.\0004\000\040\000l\000o\000a\000d\000\050\000\051}{subsection.5.34.2}% 135
\BOOKMARK [1][-]{section.5.35}{\376\377\0005\000.\0003\0005\000\040\000s\000e\000l\000e\000c\000t\000i\000o\000n\000\137\000n\000o\000t\000e\000\040\000C\000l\000a\000s\000s\000\040\000R\000e\000f\000e\000r\000e\000n\000c\000e}{chapter.5}% 136
\BOOKMARK [2][-]{subsection.5.35.1}{\376\377\0005\000.\0003\0005\000.\0001\000\040\000D\000e\000t\000a\000i\000l\000e\000d\000\040\000D\000e\000s\000c\000r\000i\000p\000t\000i\000o\000n}{section.5.35}% 137
\BOOKMARK [2][-]{subsection.5.35.2}{\376\377\0005\000.\0003\0005\000.\0002\000\040\000M\000e\000m\000b\000e\000r\000\040\000F\000u\000n\000c\000t\000i\000o\000n\000\040\000D\000o\000c\000u\000m\000e\000n\000t\000a\000t\000i\000o\000n}{section.5.35}% 138
\BOOKMARK [3][-]{subsubsection.5.35.2.1}{\376\377\0005\000.\0003\0005\000.\0002\000.\0001\000\040\000e\000m\000i\000t\000\137\000s\000e\000l\000e\000c\000t\000i\000o\000n}{subsection.5.35.2}% 139
\BOOKMARK [1][-]{section.5.36}{\376\377\0005\000.\0003\0006\000\040\000s\000u\000p\000p\000\137\000n\000o\000t\000e\000\040\000C\000l\000a\000s\000s\000\040\000R\000e\000f\000e\000r\000e\000n\000c\000e}{chapter.5}% 140
\BOOKMARK [2][-]{subsection.5.36.1}{\376\377\0005\000.\0003\0006\000.\0001\000\040\000D\000e\000t\000a\000i\000l\000e\000d\000\040\000D\000e\000s\000c\000r\000i\000p\000t\000i\000o\000n}{section.5.36}% 141
\BOOKMARK [1][-]{section.5.37}{\376\377\0005\000.\0003\0007\000\040\000T\000a\000s\000k\000\040\000C\000l\000a\000s\000s\000\040\000R\000e\000f\000e\000r\000e\000n\000c\000e}{chapter.5}% 142
\BOOKMARK [2][-]{subsection.5.37.1}{\376\377\0005\000.\0003\0007\000.\0001\000\040\000D\000e\000t\000a\000i\000l\000e\000d\000\040\000D\000e\000s\000c\000r\000i\000p\000t\000i\000o\000n}{section.5.37}% 143
\BOOKMARK [2][-]{subsection.5.37.2}{\376\377\0005\000.\0003\0007\000.\0002\000\040\000C\000o\000n\000s\000t\000r\000u\000c\000t\000o\000r\000\040\000\046\000\040\000D\000e\000s\000t\000r\000u\000c\000t\000o\000r\000\040\000D\000o\000c\000u\000m\000e\000n\000t\000a\000t\000i\000o\000n}{section.5.37}% 144
\BOOKMARK [3][-]{subsubsection.5.37.2.1}{\376\377\0005\000.\0003\0007\000.\0002\000.\0001\000\040\000T\000a\000s\000k\000\050\000\051}{subsection.5.37.2}% 145
\BOOKMARK [2][-]{subsection.5.37.3}{\376\377\0005\000.\0003\0007\000.\0003\000\040\000M\000e\000m\000b\000e\000r\000\040\000F\000u\000n\000c\000t\000i\000o\000n\000\040\000D\000o\000c\000u\000m\000e\000n\000t\000a\000t\000i\000o\000n}{section.5.37}% 146
\BOOKMARK [3][-]{subsubsection.5.37.3.1}{\376\377\0005\000.\0003\0007\000.\0003\000.\0001\000\040\000t\000o\000S\000t\000r\000i\000n\000g\000\050\000\051}{subsection.5.37.3}% 147
\BOOKMARK [1][-]{section.5.38}{\376\377\0005\000.\0003\0008\000\040\000T\000u\000p\000l\000e\000N\000o\000t\000e\000\137\000R\000e\000l\000a\000t\000i\000o\000n\000\040\000C\000l\000a\000s\000s\000\040\000R\000e\000f\000e\000r\000e\000n\000c\000e}{chapter.5}% 148
\BOOKMARK [2][-]{subsection.5.38.1}{\376\377\0005\000.\0003\0008\000.\0001\000\040\000D\000e\000t\000a\000i\000l\000e\000d\000\040\000D\000e\000s\000c\000r\000i\000p\000t\000i\000o\000n}{section.5.38}% 149
\BOOKMARK [0][-]{chapter.6}{\376\377\0006\000\040\000F\000i\000l\000e\000\040\000D\000o\000c\000u\000m\000e\000n\000t\000a\000t\000i\000o\000n}{}% 150
\BOOKMARK [1][-]{section.6.1}{\376\377\0006\000.\0001\000\040\000O\000L\0001\0003\000/\000a\000f\000f\000\137\000n\000o\000t\000e\000s\000.\000c\000p\000p\000\040\000F\000i\000l\000e\000\040\000R\000e\000f\000e\000r\000e\000n\000c\000e}{chapter.6}% 151
\BOOKMARK [2][-]{subsection.6.1.1}{\376\377\0006\000.\0001\000.\0001\000\040\000D\000e\000t\000a\000i\000l\000e\000d\000\040\000D\000e\000s\000c\000r\000i\000p\000t\000i\000o\000n}{section.6.1}% 152
\BOOKMARK [1][-]{section.6.2}{\376\377\0006\000.\0002\000\040\000O\000L\0001\0003\000/\000a\000f\000f\000\137\000n\000o\000t\000e\000s\000.\000h\000\040\000F\000i\000l\000e\000\040\000R\000e\000f\000e\000r\000e\000n\000c\000e}{chapter.6}% 153
\BOOKMARK [2][-]{subsection.6.2.1}{\376\377\0006\000.\0002\000.\0001\000\040\000D\000e\000t\000a\000i\000l\000e\000d\000\040\000D\000e\000s\000c\000r\000i\000p\000t\000i\000o\000n}{section.6.2}% 154
\BOOKMARK [1][-]{section.6.3}{\376\377\0006\000.\0003\000\040\000O\000L\0001\0003\000/\000C\000r\000e\000a\000t\000i\000o\000n\000\137\000N\000o\000t\000e\000.\000c\000p\000p\000\040\000F\000i\000l\000e\000\040\000R\000e\000f\000e\000r\000e\000n\000c\000e}{chapter.6}% 155
\BOOKMARK [2][-]{subsection.6.3.1}{\376\377\0006\000.\0003\000.\0001\000\040\000D\000e\000t\000a\000i\000l\000e\000d\000\040\000D\000e\000s\000c\000r\000i\000p\000t\000i\000o\000n}{section.6.3}% 156
\BOOKMARK [1][-]{section.6.4}{\376\377\0006\000.\0004\000\040\000O\000L\0001\0003\000/\000C\000r\000e\000a\000t\000i\000o\000n\000\137\000N\000o\000t\000e\000.\000h\000\040\000F\000i\000l\000e\000\040\000R\000e\000f\000e\000r\000e\000n\000c\000e}{chapter.6}% 157
\BOOKMARK [2][-]{subsection.6.4.1}{\376\377\0006\000.\0004\000.\0001\000\040\000D\000e\000t\000a\000i\000l\000e\000d\000\040\000D\000e\000s\000c\000r\000i\000p\000t\000i\000o\000n}{section.6.4}% 158
\BOOKMARK [1][-]{section.6.5}{\376\377\0006\000.\0005\000\040\000O\000L\0001\0003\000/\000i\000n\000c\000l\000u\000d\000e\000.\000h\000\040\000F\000i\000l\000e\000\040\000R\000e\000f\000e\000r\000e\000n\000c\000e}{chapter.6}% 159
\BOOKMARK [2][-]{subsection.6.5.1}{\376\377\0006\000.\0005\000.\0001\000\040\000D\000e\000t\000a\000i\000l\000e\000d\000\040\000D\000e\000s\000c\000r\000i\000p\000t\000i\000o\000n}{section.6.5}% 160
\BOOKMARK [1][-]{section.6.6}{\376\377\0006\000.\0006\000\040\000O\000L\0001\0003\000/\000i\000n\000t\000e\000r\000f\000a\000c\000e\000.\000c\000p\000p\000\040\000F\000i\000l\000e\000\040\000R\000e\000f\000e\000r\000e\000n\000c\000e}{chapter.6}% 161
\BOOKMARK [2][-]{subsection.6.6.1}{\376\377\0006\000.\0006\000.\0001\000\040\000D\000e\000t\000a\000i\000l\000e\000d\000\040\000D\000e\000s\000c\000r\000i\000p\000t\000i\000o\000n}{section.6.6}% 162
\BOOKMARK [1][-]{section.6.7}{\376\377\0006\000.\0007\000\040\000O\000L\0001\0003\000/\000i\000n\000t\000e\000r\000f\000a\000c\000e\000.\000h\000\040\000F\000i\000l\000e\000\040\000R\000e\000f\000e\000r\000e\000n\000c\000e}{chapter.6}% 163
\BOOKMARK [2][-]{subsection.6.7.1}{\376\377\0006\000.\0007\000.\0001\000\040\000D\000e\000t\000a\000i\000l\000e\000d\000\040\000D\000e\000s\000c\000r\000i\000p\000t\000i\000o\000n}{section.6.7}% 164
\BOOKMARK [1][-]{section.6.8}{\376\377\0006\000.\0008\000\040\000O\000L\0001\0003\000/\000m\000a\000i\000n\000.\000c\000p\000p\000\040\000F\000i\000l\000e\000\040\000R\000e\000f\000e\000r\000e\000n\000c\000e}{chapter.6}% 165
\BOOKMARK [2][-]{subsection.6.8.1}{\376\377\0006\000.\0008\000.\0001\000\040\000D\000e\000t\000a\000i\000l\000e\000d\000\040\000D\000e\000s\000c\000r\000i\000p\000t\000i\000o\000n}{section.6.8}% 166
\BOOKMARK [1][-]{section.6.9}{\376\377\0006\000.\0009\000\040\000O\000L\0001\0003\000/\000m\000a\000n\000a\000g\000e\000r\000.\000c\000p\000p\000\040\000F\000i\000l\000e\000\040\000R\000e\000f\000e\000r\000e\000n\000c\000e}{chapter.6}% 167
\BOOKMARK [2][-]{subsection.6.9.1}{\376\377\0006\000.\0009\000.\0001\000\040\000D\000e\000t\000a\000i\000l\000e\000d\000\040\000D\000e\000s\000c\000r\000i\000p\000t\000i\000o\000n}{section.6.9}% 168
\BOOKMARK [1][-]{section.6.10}{\376\377\0006\000.\0001\0000\000\040\000O\000L\0001\0003\000/\000m\000a\000n\000a\000g\000e\000r\000.\000h\000\040\000F\000i\000l\000e\000\040\000R\000e\000f\000e\000r\000e\000n\000c\000e}{chapter.6}% 169
\BOOKMARK [2][-]{subsection.6.10.1}{\376\377\0006\000.\0001\0000\000.\0001\000\040\000D\000e\000t\000a\000i\000l\000e\000d\000\040\000D\000e\000s\000c\000r\000i\000p\000t\000i\000o\000n}{section.6.10}% 170
\BOOKMARK [1][-]{section.6.11}{\376\377\0006\000.\0001\0001\000\040\000O\000L\0001\0003\000/\000n\000o\000t\000e\000s\000.\000c\000p\000p\000\040\000F\000i\000l\000e\000\040\000R\000e\000f\000e\000r\000e\000n\000c\000e}{chapter.6}% 171
\BOOKMARK [2][-]{subsection.6.11.1}{\376\377\0006\000.\0001\0001\000.\0001\000\040\000D\000e\000t\000a\000i\000l\000e\000d\000\040\000D\000e\000s\000c\000r\000i\000p\000t\000i\000o\000n}{section.6.11}% 172
\BOOKMARK [2][-]{subsection.6.11.2}{\376\377\0006\000.\0001\0001\000.\0002\000\040\000F\000u\000n\000c\000t\000i\000o\000n\000\040\000D\000o\000c\000u\000m\000e\000n\000t\000a\000t\000i\000o\000n}{section.6.11}% 173
\BOOKMARK [3][-]{subsubsection.6.11.2.1}{\376\377\0006\000.\0001\0001\000.\0002\000.\0001\000\040\000g\000e\000t\000S\000t\000a\000t\000u\000s\000t\000o\000S\000t\000r\000\050\000\051}{subsection.6.11.2}% 174
\BOOKMARK [3][-]{subsubsection.6.11.2.2}{\376\377\0006\000.\0001\0001\000.\0002\000.\0002\000\040\000o\000p\000e\000r\000a\000t\000o\000r\000<\000<\000\050\000\051}{subsection.6.11.2}% 175
\BOOKMARK [1][-]{section.6.12}{\376\377\0006\000.\0001\0002\000\040\000O\000L\0001\0003\000/\000Q\000I\000n\000c\000l\000u\000d\000e\000.\000h\000\040\000F\000i\000l\000e\000\040\000R\000e\000f\000e\000r\000e\000n\000c\000e}{chapter.6}% 176
\BOOKMARK [2][-]{subsection.6.12.1}{\376\377\0006\000.\0001\0002\000.\0001\000\040\000D\000e\000t\000a\000i\000l\000e\000d\000\040\000D\000e\000s\000c\000r\000i\000p\000t\000i\000o\000n}{section.6.12}% 177
\BOOKMARK [1][-]{section.6.13}{\376\377\0006\000.\0001\0003\000\040\000O\000L\0001\0003\000/\000q\000n\000o\000t\000e\000.\000c\000p\000p\000\040\000F\000i\000l\000e\000\040\000R\000e\000f\000e\000r\000e\000n\000c\000e}{chapter.6}% 178
\BOOKMARK [2][-]{subsection.6.13.1}{\376\377\0006\000.\0001\0003\000.\0001\000\040\000D\000e\000t\000a\000i\000l\000e\000d\000\040\000D\000e\000s\000c\000r\000i\000p\000t\000i\000o\000n}{section.6.13}% 179
\BOOKMARK [1][-]{section.6.14}{\376\377\0006\000.\0001\0004\000\040\000O\000L\0001\0003\000/\000q\000n\000o\000t\000e\000.\000h\000\040\000F\000i\000l\000e\000\040\000R\000e\000f\000e\000r\000e\000n\000c\000e}{chapter.6}% 180
\BOOKMARK [2][-]{subsection.6.14.1}{\376\377\0006\000.\0001\0004\000.\0001\000\040\000D\000e\000t\000a\000i\000l\000e\000d\000\040\000D\000e\000s\000c\000r\000i\000p\000t\000i\000o\000n}{section.6.14}% 181
\BOOKMARK [1][-]{section.6.15}{\376\377\0006\000.\0001\0005\000\040\000O\000L\0001\0003\000/\000r\000e\000l\000a\000t\000i\000o\000n\000s\000.\000c\000p\000p\000\040\000F\000i\000l\000e\000\040\000R\000e\000f\000e\000r\000e\000n\000c\000e}{chapter.6}% 182
\BOOKMARK [2][-]{subsection.6.15.1}{\376\377\0006\000.\0001\0005\000.\0001\000\040\000D\000e\000t\000a\000i\000l\000e\000d\000\040\000D\000e\000s\000c\000r\000i\000p\000t\000i\000o\000n}{section.6.15}% 183
\BOOKMARK [1][-]{section.6.16}{\376\377\0006\000.\0001\0006\000\040\000O\000L\0001\0003\000/\000s\000u\000p\000p\000\137\000n\000o\000t\000e\000.\000c\000p\000p\000\040\000F\000i\000l\000e\000\040\000R\000e\000f\000e\000r\000e\000n\000c\000e}{chapter.6}% 184
\BOOKMARK [2][-]{subsection.6.16.1}{\376\377\0006\000.\0001\0006\000.\0001\000\040\000D\000e\000t\000a\000i\000l\000e\000d\000\040\000D\000e\000s\000c\000r\000i\000p\000t\000i\000o\000n}{section.6.16}% 185
\BOOKMARK [1][-]{section.6.17}{\376\377\0006\000.\0001\0007\000\040\000O\000L\0001\0003\000/\000s\000u\000p\000p\000\137\000n\000o\000t\000e\000.\000h\000\040\000F\000i\000l\000e\000\040\000R\000e\000f\000e\000r\000e\000n\000c\000e}{chapter.6}% 186
\BOOKMARK [2][-]{subsection.6.17.1}{\376\377\0006\000.\0001\0007\000.\0001\000\040\000D\000e\000t\000a\000i\000l\000e\000d\000\040\000D\000e\000s\000c\000r\000i\000p\000t\000i\000o\000n}{section.6.17}% 187
\BOOKMARK [1][-]{section.6.18}{\376\377\0006\000.\0001\0008\000\040\000O\000L\0001\0003\000/\000u\000n\000d\000o\000r\000e\000d\000o\000.\000c\000p\000p\000\040\000F\000i\000l\000e\000\040\000R\000e\000f\000e\000r\000e\000n\000c\000e}{chapter.6}% 188
\BOOKMARK [2][-]{subsection.6.18.1}{\376\377\0006\000.\0001\0008\000.\0001\000\040\000D\000e\000t\000a\000i\000l\000e\000d\000\040\000D\000e\000s\000c\000r\000i\000p\000t\000i\000o\000n}{section.6.18}% 189
\BOOKMARK [1][-]{section.6.19}{\376\377\0006\000.\0001\0009\000\040\000O\000L\0001\0003\000/\000u\000n\000d\000o\000r\000e\000d\000o\000.\000h\000\040\000F\000i\000l\000e\000\040\000R\000e\000f\000e\000r\000e\000n\000c\000e}{chapter.6}% 190
\BOOKMARK [2][-]{subsection.6.19.1}{\376\377\0006\000.\0001\0009\000.\0001\000\040\000D\000e\000t\000a\000i\000l\000e\000d\000\040\000D\000e\000s\000c\000r\000i\000p\000t\000i\000o\000n}{section.6.19}% 191
\BOOKMARK [0][-]{section*.107}{\376\377\000I\000n\000d\000e\000x}{}% 192
