This is pdfTeX, Version 3.14159265-2.6-1.40.18 (MiKTeX 2.9.6350 64-bit) (preloaded format=pdflatex 2017.6.14)  14 JUN 2017 19:07
entering extended mode
**./refman.tex
(refman.tex
LaTeX2e <2017-04-15>
Babel <3.10> and hyphenation patterns for 75 language(s) loaded.
("C:\Program Files\MiKTeX 2.9\tex\latex\base\book.cls"
Document Class: book 2014/09/29 v1.4h Standard LaTeX document class
("C:\Program Files\MiKTeX 2.9\tex\latex\base\bk10.clo"
File: bk10.clo 2014/09/29 v1.4h Standard LaTeX file (size option)
)
\c@part=\count79
\c@chapter=\count80
\c@section=\count81
\c@subsection=\count82
\c@subsubsection=\count83
\c@paragraph=\count84
\c@subparagraph=\count85
\c@figure=\count86
\c@table=\count87
\abovecaptionskip=\skip41
\belowcaptionskip=\skip42
\bibindent=\dimen102
)
("C:\Program Files\MiKTeX 2.9\tex\latex\base\fixltx2e.sty"
Package: fixltx2e 2016/12/29 v2.1a fixes to LaTeX (obsolete)
Applying: [2015/01/01] Old fixltx2e package on input line 46.


Package fixltx2e Warning: fixltx2e is not required with releases after 2015
(fixltx2e)                All fixes are now in the LaTeX kernel.
(fixltx2e)                See the latexrelease package for details.

Already applied: [0000/00/00] Old fixltx2e package on input line 53.
) ("C:\Program Files\MiKTeX 2.9\tex\latex\tools\calc.sty"
Package: calc 2014/10/28 v4.3 Infix arithmetic (KKT,FJ)
\calc@Acount=\count88
\calc@Bcount=\count89
\calc@Adimen=\dimen103
\calc@Bdimen=\dimen104
\calc@Askip=\skip43
\calc@Bskip=\skip44
LaTeX Info: Redefining \setlength on input line 80.
LaTeX Info: Redefining \addtolength on input line 81.
\calc@Ccount=\count90
\calc@Cskip=\skip45
) (doxygen.sty
Package: doxygen 

("C:\Program Files\MiKTeX 2.9\tex\latex\base\alltt.sty"
Package: alltt 1997/06/16 v2.0g defines alltt environment
)
("C:\Program Files\MiKTeX 2.9\tex\latex\tools\array.sty"
Package: array 2016/10/06 v2.4d Tabular extension package (FMi)
\col@sep=\dimen105
\extrarowheight=\dimen106
\NC@list=\toks14
\extratabsurround=\skip46
\backup@length=\skip47
)
("C:\Program Files\MiKTeX 2.9\tex\latex\float\float.sty"
Package: float 2001/11/08 v1.3d Float enhancements (AL)
\c@float@type=\count91
\float@exts=\toks15
\float@box=\box26
\@float@everytoks=\toks16
\@floatcapt=\box27
)
("C:\Program Files\MiKTeX 2.9\tex\latex\base\ifthen.sty"
Package: ifthen 2014/09/29 v1.1c Standard LaTeX ifthen package (DPC)
)
("C:\Program Files\MiKTeX 2.9\tex\latex\tools\verbatim.sty"
Package: verbatim 2014/10/28 v1.5q LaTeX2e package for verbatim enhancements
\every@verbatim=\toks17
\verbatim@line=\toks18
\verbatim@in@stream=\read1
)
(C:\Users\maxim\AppData\Roaming\MiKTeX\2.9\tex\latex\xcolor\xcolor.sty
Package: xcolor 2016/05/11 v2.12 LaTeX color extensions (UK)

("C:\Program Files\MiKTeX 2.9\tex\latex\graphics-cfg\color.cfg"
File: color.cfg 2016/01/02 v1.6 sample color configuration
)
Package xcolor Info: Driver file: pdftex.def on input line 225.

("C:\Program Files\MiKTeX 2.9\tex\latex\graphics-def\pdftex.def"
File: pdftex.def 2017/01/12 v0.06k Graphics/color for pdfTeX

("C:\Program Files\MiKTeX 2.9\tex\generic\oberdiek\infwarerr.sty"
Package: infwarerr 2016/05/16 v1.4 Providing info/warning/error messages (HO)
)
("C:\Program Files\MiKTeX 2.9\tex\generic\oberdiek\ltxcmds.sty"
Package: ltxcmds 2016/05/16 v1.23 LaTeX kernel commands for general use (HO)
)
\Gread@gobject=\count92
)
(C:\Users\maxim\AppData\Roaming\MiKTeX\2.9\tex\latex\colortbl\colortbl.sty
Package: colortbl 2012/02/13 v1.0a Color table columns (DPC)
\everycr=\toks19
\minrowclearance=\skip48
)
\rownum=\count93
Package xcolor Info: Model `cmy' substituted by `cmy0' on input line 1348.
Package xcolor Info: Model `hsb' substituted by `rgb' on input line 1352.
Package xcolor Info: Model `RGB' extended on input line 1364.
Package xcolor Info: Model `HTML' substituted by `rgb' on input line 1366.
Package xcolor Info: Model `Hsb' substituted by `hsb' on input line 1367.
Package xcolor Info: Model `tHsb' substituted by `hsb' on input line 1368.
Package xcolor Info: Model `HSB' substituted by `hsb' on input line 1369.
Package xcolor Info: Model `Gray' substituted by `gray' on input line 1370.
Package xcolor Info: Model `wave' substituted by `hsb' on input line 1371.
)
("C:\Program Files\MiKTeX 2.9\tex\latex\tools\longtable.sty"
Package: longtable 2014/10/28 v4.11 Multi-page Table package (DPC)
\LTleft=\skip49
\LTright=\skip50
\LTpre=\skip51
\LTpost=\skip52
\LTchunksize=\count94
\LTcapwidth=\dimen107
\LT@head=\box28
\LT@firsthead=\box29
\LT@foot=\box30
\LT@lastfoot=\box31
\LT@cols=\count95
\LT@rows=\count96
\c@LT@tables=\count97
\c@LT@chunks=\count98
\LT@p@ftn=\toks20
)
(C:\Users\maxim\AppData\Roaming\MiKTeX\2.9\tex\latex\tabu\tabu.sty
Package: tabu 2011/02/26 v2.8 - flexible LaTeX tabulars (FC)

("C:\Program Files\MiKTeX 2.9\tex\latex\ltxmisc\varwidth.sty"
Package: varwidth 2009/03/30 ver 0.92;  Variable-width minipages
\@vwid@box=\box32
\sift@deathcycles=\count99
\@vwid@loff=\dimen108
\@vwid@roff=\dimen109
)
\c@taburow=\count100
\tabu@nbcols=\count101
\tabu@cnt=\count102
\tabu@Xcol=\count103
\tabu@alloc=\count104
\tabu@nested=\count105
\tabu@target=\dimen110
\tabu@spreadtarget=\dimen111
\tabu@naturalX=\dimen112
\tabucolX=\dimen113
\tabu@Xsum=\dimen114
\extrarowdepth=\dimen115
\abovetabulinesep=\dimen116
\belowtabulinesep=\dimen117
\tabustrutrule=\dimen118
\tabu@thebody=\toks21
\tabu@footnotes=\toks22
\tabu@box=\box33
\tabu@arstrutbox=\box34
\tabu@hleads=\box35
\tabu@vleads=\box36
\tabu@cellskip=\skip53
)
("C:\Program Files\MiKTeX 2.9\tex\latex\tools\tabularx.sty"
Package: tabularx 2016/02/03 v2.11 `tabularx' package (DPC)
\TX@col@width=\dimen119
\TX@old@table=\dimen120
\TX@old@col=\dimen121
\TX@target=\dimen122
\TX@delta=\dimen123
\TX@cols=\count106
\TX@ftn=\toks23
)
("C:\Program Files\MiKTeX 2.9\tex\latex\multirow\multirow.sty"
Package: multirow 2016/11/25 v2.2 Span multiple rows of a table
\multirow@colwidth=\skip54
\multirow@cntb=\count107
\multirow@dima=\skip55
\bigstrutjot=\dimen124
)
\xrefbox=\box37
\xreflength=\skip56
)

! LaTeX Error: File `adjustbox.sty' not found.

Type X to quit or <RETURN> to proceed,
or enter new name. (Default extension: sty)

Enter file name: 

! LaTeX Error: Unknown option `export' for package `adjustbox'.

See the LaTeX manual or LaTeX Companion for explanation.
Type  H <return>  for immediate help.
 ...                                              
                                                  
l.8 \usepackage
               {graphicx}
? 
("C:\Program Files\MiKTeX 2.9\tex\latex\graphics\graphicx.sty"
Package: graphicx 2014/10/28 v1.0g Enhanced LaTeX Graphics (DPC,SPQR)

("C:\Program Files\MiKTeX 2.9\tex\latex\graphics\keyval.sty"
Package: keyval 2014/10/28 v1.15 key=value parser (DPC)
\KV@toks@=\toks24
)
("C:\Program Files\MiKTeX 2.9\tex\latex\graphics\graphics.sty"
Package: graphics 2017/04/14 v1.1b Standard LaTeX Graphics (DPC,SPQR)

("C:\Program Files\MiKTeX 2.9\tex\latex\graphics\trig.sty"
Package: trig 2016/01/03 v1.10 sin cos tan (DPC)
)
("C:\Program Files\MiKTeX 2.9\tex\latex\graphics-cfg\graphics.cfg"
File: graphics.cfg 2016/06/04 v1.11 sample graphics configuration
)
Package graphics Info: Driver file: pdftex.def on input line 99.
)
\Gin@req@height=\dimen125
\Gin@req@width=\dimen126
)
("C:\Program Files\MiKTeX 2.9\tex\latex\base\inputenc.sty"
Package: inputenc 2015/03/17 v1.2c Input encoding file
\inpenc@prehook=\toks25
\inpenc@posthook=\toks26

("C:\Program Files\MiKTeX 2.9\tex\latex\base\utf8.def"
File: utf8.def 2017/01/28 v1.1t UTF-8 support for inputenc
Now handling font encoding OML ...
... no UTF-8 mapping file for font encoding OML
Now handling font encoding T1 ...
... processing UTF-8 mapping file for font encoding T1

("C:\Program Files\MiKTeX 2.9\tex\latex\base\t1enc.dfu"
File: t1enc.dfu 2017/01/28 v1.1t UTF-8 support for inputenc
   defining Unicode char U+00A0 (decimal 160)
   defining Unicode char U+00A1 (decimal 161)
   defining Unicode char U+00A3 (decimal 163)
   defining Unicode char U+00AB (decimal 171)
   defining Unicode char U+00AD (decimal 173)
   defining Unicode char U+00BB (decimal 187)
   defining Unicode char U+00BF (decimal 191)
   defining Unicode char U+00C0 (decimal 192)
   defining Unicode char U+00C1 (decimal 193)
   defining Unicode char U+00C2 (decimal 194)
   defining Unicode char U+00C3 (decimal 195)
   defining Unicode char U+00C4 (decimal 196)
   defining Unicode char U+00C5 (decimal 197)
   defining Unicode char U+00C6 (decimal 198)
   defining Unicode char U+00C7 (decimal 199)
   defining Unicode char U+00C8 (decimal 200)
   defining Unicode char U+00C9 (decimal 201)
   defining Unicode char U+00CA (decimal 202)
   defining Unicode char U+00CB (decimal 203)
   defining Unicode char U+00CC (decimal 204)
   defining Unicode char U+00CD (decimal 205)
   defining Unicode char U+00CE (decimal 206)
   defining Unicode char U+00CF (decimal 207)
   defining Unicode char U+00D0 (decimal 208)
   defining Unicode char U+00D1 (decimal 209)
   defining Unicode char U+00D2 (decimal 210)
   defining Unicode char U+00D3 (decimal 211)
   defining Unicode char U+00D4 (decimal 212)
   defining Unicode char U+00D5 (decimal 213)
   defining Unicode char U+00D6 (decimal 214)
   defining Unicode char U+00D8 (decimal 216)
   defining Unicode char U+00D9 (decimal 217)
   defining Unicode char U+00DA (decimal 218)
   defining Unicode char U+00DB (decimal 219)
   defining Unicode char U+00DC (decimal 220)
   defining Unicode char U+00DD (decimal 221)
   defining Unicode char U+00DE (decimal 222)
   defining Unicode char U+00DF (decimal 223)
   defining Unicode char U+00E0 (decimal 224)
   defining Unicode char U+00E1 (decimal 225)
   defining Unicode char U+00E2 (decimal 226)
   defining Unicode char U+00E3 (decimal 227)
   defining Unicode char U+00E4 (decimal 228)
   defining Unicode char U+00E5 (decimal 229)
   defining Unicode char U+00E6 (decimal 230)
   defining Unicode char U+00E7 (decimal 231)
   defining Unicode char U+00E8 (decimal 232)
   defining Unicode char U+00E9 (decimal 233)
   defining Unicode char U+00EA (decimal 234)
   defining Unicode char U+00EB (decimal 235)
   defining Unicode char U+00EC (decimal 236)
   defining Unicode char U+00ED (decimal 237)
   defining Unicode char U+00EE (decimal 238)
   defining Unicode char U+00EF (decimal 239)
   defining Unicode char U+00F0 (decimal 240)
   defining Unicode char U+00F1 (decimal 241)
   defining Unicode char U+00F2 (decimal 242)
   defining Unicode char U+00F3 (decimal 243)
   defining Unicode char U+00F4 (decimal 244)
   defining Unicode char U+00F5 (decimal 245)
   defining Unicode char U+00F6 (decimal 246)
   defining Unicode char U+00F8 (decimal 248)
   defining Unicode char U+00F9 (decimal 249)
   defining Unicode char U+00FA (decimal 250)
   defining Unicode char U+00FB (decimal 251)
   defining Unicode char U+00FC (decimal 252)
   defining Unicode char U+00FD (decimal 253)
   defining Unicode char U+00FE (decimal 254)
   defining Unicode char U+00FF (decimal 255)
   defining Unicode char U+0100 (decimal 256)
   defining Unicode char U+0101 (decimal 257)
   defining Unicode char U+0102 (decimal 258)
   defining Unicode char U+0103 (decimal 259)
   defining Unicode char U+0104 (decimal 260)
   defining Unicode char U+0105 (decimal 261)
   defining Unicode char U+0106 (decimal 262)
   defining Unicode char U+0107 (decimal 263)
   defining Unicode char U+0108 (decimal 264)
   defining Unicode char U+0109 (decimal 265)
   defining Unicode char U+010A (decimal 266)
   defining Unicode char U+010B (decimal 267)
   defining Unicode char U+010C (decimal 268)
   defining Unicode char U+010D (decimal 269)
   defining Unicode char U+010E (decimal 270)
   defining Unicode char U+010F (decimal 271)
   defining Unicode char U+0110 (decimal 272)
   defining Unicode char U+0111 (decimal 273)
   defining Unicode char U+0112 (decimal 274)
   defining Unicode char U+0113 (decimal 275)
   defining Unicode char U+0114 (decimal 276)
   defining Unicode char U+0115 (decimal 277)
   defining Unicode char U+0116 (decimal 278)
   defining Unicode char U+0117 (decimal 279)
   defining Unicode char U+0118 (decimal 280)
   defining Unicode char U+0119 (decimal 281)
   defining Unicode char U+011A (decimal 282)
   defining Unicode char U+011B (decimal 283)
   defining Unicode char U+011C (decimal 284)
   defining Unicode char U+011D (decimal 285)
   defining Unicode char U+011E (decimal 286)
   defining Unicode char U+011F (decimal 287)
   defining Unicode char U+0120 (decimal 288)
   defining Unicode char U+0121 (decimal 289)
   defining Unicode char U+0122 (decimal 290)
   defining Unicode char U+0123 (decimal 291)
   defining Unicode char U+0124 (decimal 292)
   defining Unicode char U+0125 (decimal 293)
   defining Unicode char U+0128 (decimal 296)
   defining Unicode char U+0129 (decimal 297)
   defining Unicode char U+012A (decimal 298)
   defining Unicode char U+012B (decimal 299)
   defining Unicode char U+012C (decimal 300)
   defining Unicode char U+012D (decimal 301)
   defining Unicode char U+012E (decimal 302)
   defining Unicode char U+012F (decimal 303)
   defining Unicode char U+0130 (decimal 304)
   defining Unicode char U+0131 (decimal 305)
   defining Unicode char U+0132 (decimal 306)
   defining Unicode char U+0133 (decimal 307)
   defining Unicode char U+0134 (decimal 308)
   defining Unicode char U+0135 (decimal 309)
   defining Unicode char U+0136 (decimal 310)
   defining Unicode char U+0137 (decimal 311)
   defining Unicode char U+0139 (decimal 313)
   defining Unicode char U+013A (decimal 314)
   defining Unicode char U+013B (decimal 315)
   defining Unicode char U+013C (decimal 316)
   defining Unicode char U+013D (decimal 317)
   defining Unicode char U+013E (decimal 318)
   defining Unicode char U+0141 (decimal 321)
   defining Unicode char U+0142 (decimal 322)
   defining Unicode char U+0143 (decimal 323)
   defining Unicode char U+0144 (decimal 324)
   defining Unicode char U+0145 (decimal 325)
   defining Unicode char U+0146 (decimal 326)
   defining Unicode char U+0147 (decimal 327)
   defining Unicode char U+0148 (decimal 328)
   defining Unicode char U+014A (decimal 330)
   defining Unicode char U+014B (decimal 331)
   defining Unicode char U+014C (decimal 332)
   defining Unicode char U+014D (decimal 333)
   defining Unicode char U+014E (decimal 334)
   defining Unicode char U+014F (decimal 335)
   defining Unicode char U+0150 (decimal 336)
   defining Unicode char U+0151 (decimal 337)
   defining Unicode char U+0152 (decimal 338)
   defining Unicode char U+0153 (decimal 339)
   defining Unicode char U+0154 (decimal 340)
   defining Unicode char U+0155 (decimal 341)
   defining Unicode char U+0156 (decimal 342)
   defining Unicode char U+0157 (decimal 343)
   defining Unicode char U+0158 (decimal 344)
   defining Unicode char U+0159 (decimal 345)
   defining Unicode char U+015A (decimal 346)
   defining Unicode char U+015B (decimal 347)
   defining Unicode char U+015C (decimal 348)
   defining Unicode char U+015D (decimal 349)
   defining Unicode char U+015E (decimal 350)
   defining Unicode char U+015F (decimal 351)
   defining Unicode char U+0160 (decimal 352)
   defining Unicode char U+0161 (decimal 353)
   defining Unicode char U+0162 (decimal 354)
   defining Unicode char U+0163 (decimal 355)
   defining Unicode char U+0164 (decimal 356)
   defining Unicode char U+0165 (decimal 357)
   defining Unicode char U+0168 (decimal 360)
   defining Unicode char U+0169 (decimal 361)
   defining Unicode char U+016A (decimal 362)
   defining Unicode char U+016B (decimal 363)
   defining Unicode char U+016C (decimal 364)
   defining Unicode char U+016D (decimal 365)
   defining Unicode char U+016E (decimal 366)
   defining Unicode char U+016F (decimal 367)
   defining Unicode char U+0170 (decimal 368)
   defining Unicode char U+0171 (decimal 369)
   defining Unicode char U+0172 (decimal 370)
   defining Unicode char U+0173 (decimal 371)
   defining Unicode char U+0174 (decimal 372)
   defining Unicode char U+0175 (decimal 373)
   defining Unicode char U+0176 (decimal 374)
   defining Unicode char U+0177 (decimal 375)
   defining Unicode char U+0178 (decimal 376)
   defining Unicode char U+0179 (decimal 377)
   defining Unicode char U+017A (decimal 378)
   defining Unicode char U+017B (decimal 379)
   defining Unicode char U+017C (decimal 380)
   defining Unicode char U+017D (decimal 381)
   defining Unicode char U+017E (decimal 382)
   defining Unicode char U+01CD (decimal 461)
   defining Unicode char U+01CE (decimal 462)
   defining Unicode char U+01CF (decimal 463)
   defining Unicode char U+01D0 (decimal 464)
   defining Unicode char U+01D1 (decimal 465)
   defining Unicode char U+01D2 (decimal 466)
   defining Unicode char U+01D3 (decimal 467)
   defining Unicode char U+01D4 (decimal 468)
   defining Unicode char U+01E2 (decimal 482)
   defining Unicode char U+01E3 (decimal 483)
   defining Unicode char U+01E6 (decimal 486)
   defining Unicode char U+01E7 (decimal 487)
   defining Unicode char U+01E8 (decimal 488)
   defining Unicode char U+01E9 (decimal 489)
   defining Unicode char U+01EA (decimal 490)
   defining Unicode char U+01EB (decimal 491)
   defining Unicode char U+01F0 (decimal 496)
   defining Unicode char U+01F4 (decimal 500)
   defining Unicode char U+01F5 (decimal 501)
   defining Unicode char U+0218 (decimal 536)
   defining Unicode char U+0219 (decimal 537)
   defining Unicode char U+021A (decimal 538)
   defining Unicode char U+021B (decimal 539)
   defining Unicode char U+0232 (decimal 562)
   defining Unicode char U+0233 (decimal 563)
   defining Unicode char U+1E02 (decimal 7682)
   defining Unicode char U+1E03 (decimal 7683)
   defining Unicode char U+200C (decimal 8204)
   defining Unicode char U+2010 (decimal 8208)
   defining Unicode char U+2011 (decimal 8209)
   defining Unicode char U+2012 (decimal 8210)
   defining Unicode char U+2013 (decimal 8211)
   defining Unicode char U+2014 (decimal 8212)
   defining Unicode char U+2015 (decimal 8213)
   defining Unicode char U+2018 (decimal 8216)
   defining Unicode char U+2019 (decimal 8217)
   defining Unicode char U+201A (decimal 8218)
   defining Unicode char U+201C (decimal 8220)
   defining Unicode char U+201D (decimal 8221)
   defining Unicode char U+201E (decimal 8222)
   defining Unicode char U+2030 (decimal 8240)
   defining Unicode char U+2031 (decimal 8241)
   defining Unicode char U+2039 (decimal 8249)
   defining Unicode char U+203A (decimal 8250)
   defining Unicode char U+2423 (decimal 9251)
   defining Unicode char U+1E20 (decimal 7712)
   defining Unicode char U+1E21 (decimal 7713)
)
Now handling font encoding OT1 ...
... processing UTF-8 mapping file for font encoding OT1

("C:\Program Files\MiKTeX 2.9\tex\latex\base\ot1enc.dfu"
File: ot1enc.dfu 2017/01/28 v1.1t UTF-8 support for inputenc
   defining Unicode char U+00A0 (decimal 160)
   defining Unicode char U+00A1 (decimal 161)
   defining Unicode char U+00A3 (decimal 163)
   defining Unicode char U+00AD (decimal 173)
   defining Unicode char U+00B8 (decimal 184)
   defining Unicode char U+00BF (decimal 191)
   defining Unicode char U+00C5 (decimal 197)
   defining Unicode char U+00C6 (decimal 198)
   defining Unicode char U+00D8 (decimal 216)
   defining Unicode char U+00DF (decimal 223)
   defining Unicode char U+00E6 (decimal 230)
   defining Unicode char U+00EC (decimal 236)
   defining Unicode char U+00ED (decimal 237)
   defining Unicode char U+00EE (decimal 238)
   defining Unicode char U+00EF (decimal 239)
   defining Unicode char U+00F8 (decimal 248)
   defining Unicode char U+0131 (decimal 305)
   defining Unicode char U+0141 (decimal 321)
   defining Unicode char U+0142 (decimal 322)
   defining Unicode char U+0152 (decimal 338)
   defining Unicode char U+0153 (decimal 339)
   defining Unicode char U+0174 (decimal 372)
   defining Unicode char U+0175 (decimal 373)
   defining Unicode char U+0176 (decimal 374)
   defining Unicode char U+0177 (decimal 375)
   defining Unicode char U+0218 (decimal 536)
   defining Unicode char U+0219 (decimal 537)
   defining Unicode char U+021A (decimal 538)
   defining Unicode char U+021B (decimal 539)
   defining Unicode char U+2013 (decimal 8211)
   defining Unicode char U+2014 (decimal 8212)
   defining Unicode char U+2018 (decimal 8216)
   defining Unicode char U+2019 (decimal 8217)
   defining Unicode char U+201C (decimal 8220)
   defining Unicode char U+201D (decimal 8221)
)
Now handling font encoding OMS ...
... processing UTF-8 mapping file for font encoding OMS

("C:\Program Files\MiKTeX 2.9\tex\latex\base\omsenc.dfu"
File: omsenc.dfu 2017/01/28 v1.1t UTF-8 support for inputenc
   defining Unicode char U+00A7 (decimal 167)
   defining Unicode char U+00B6 (decimal 182)
   defining Unicode char U+00B7 (decimal 183)
   defining Unicode char U+2020 (decimal 8224)
   defining Unicode char U+2021 (decimal 8225)
   defining Unicode char U+2022 (decimal 8226)
)
Now handling font encoding OMX ...
... no UTF-8 mapping file for font encoding OMX
Now handling font encoding U ...
... no UTF-8 mapping file for font encoding U
   defining Unicode char U+00A9 (decimal 169)
   defining Unicode char U+00AA (decimal 170)
   defining Unicode char U+00AE (decimal 174)
   defining Unicode char U+00BA (decimal 186)
   defining Unicode char U+02C6 (decimal 710)
   defining Unicode char U+02DC (decimal 732)
   defining Unicode char U+200C (decimal 8204)
   defining Unicode char U+2026 (decimal 8230)
   defining Unicode char U+2122 (decimal 8482)
   defining Unicode char U+2423 (decimal 9251)
))
("C:\Program Files\MiKTeX 2.9\tex\latex\base\makeidx.sty"
Package: makeidx 2014/09/29 v1.0m Standard LaTeX package
)
("C:\Program Files\MiKTeX 2.9\tex\latex\tools\multicol.sty"
Package: multicol 2017/04/11 v1.8q multicolumn formatting (FMi)
\c@tracingmulticols=\count108
\mult@box=\box38
\multicol@leftmargin=\dimen127
\c@unbalance=\count109
\c@collectmore=\count110
\doublecol@number=\count111
\multicoltolerance=\count112
\multicolpretolerance=\count113
\full@width=\dimen128
\page@free=\dimen129
\premulticols=\dimen130
\postmulticols=\dimen131
\multicolsep=\skip57
\multicolbaselineskip=\skip58
\partial@page=\box39
\last@line=\box40
\maxbalancingoverflow=\dimen132
\mult@rightbox=\box41
\mult@grightbox=\box42
\mult@gfirstbox=\box43
\mult@firstbox=\box44
\@tempa=\box45
\@tempa=\box46
\@tempa=\box47
\@tempa=\box48
\@tempa=\box49
\@tempa=\box50
\@tempa=\box51
\@tempa=\box52
\@tempa=\box53
\@tempa=\box54
\@tempa=\box55
\@tempa=\box56
\@tempa=\box57
\@tempa=\box58
\@tempa=\box59
\@tempa=\box60
\@tempa=\box61
\c@columnbadness=\count114
\c@finalcolumnbadness=\count115
\last@try=\dimen133
\multicolovershoot=\dimen134
\multicolundershoot=\dimen135
\mult@nat@firstbox=\box62
\colbreak@box=\box63
\mc@col@check@num=\count116
)
("C:\Program Files\MiKTeX 2.9\tex\latex\base\textcomp.sty"
Package: textcomp 2017/04/05 v2.0i Standard LaTeX package
Package textcomp Info: Sub-encoding information:
(textcomp)               5 = only ISO-Adobe without \textcurrency
(textcomp)               4 = 5 + \texteuro
(textcomp)               3 = 4 + \textohm
(textcomp)               2 = 3 + \textestimated + \textcurrency
(textcomp)               1 = TS1 - \textcircled - \t
(textcomp)               0 = TS1 (full)
(textcomp)             Font families with sub-encoding setting implement
(textcomp)             only a restricted character set as indicated.
(textcomp)             Family '?' is the default used for unknown fonts.
(textcomp)             See the documentation for details.
Package textcomp Info: Setting ? sub-encoding to TS1/1 on input line 79.

("C:\Program Files\MiKTeX 2.9\tex\latex\base\ts1enc.def"
File: ts1enc.def 2001/06/05 v3.0e (jk/car/fm) Standard LaTeX file
Now handling font encoding TS1 ...
... processing UTF-8 mapping file for font encoding TS1

("C:\Program Files\MiKTeX 2.9\tex\latex\base\ts1enc.dfu"
File: ts1enc.dfu 2017/01/28 v1.1t UTF-8 support for inputenc
   defining Unicode char U+00A2 (decimal 162)
   defining Unicode char U+00A3 (decimal 163)
   defining Unicode char U+00A4 (decimal 164)
   defining Unicode char U+00A5 (decimal 165)
   defining Unicode char U+00A6 (decimal 166)
   defining Unicode char U+00A7 (decimal 167)
   defining Unicode char U+00A8 (decimal 168)
   defining Unicode char U+00A9 (decimal 169)
   defining Unicode char U+00AA (decimal 170)
   defining Unicode char U+00AC (decimal 172)
   defining Unicode char U+00AE (decimal 174)
   defining Unicode char U+00AF (decimal 175)
   defining Unicode char U+00B0 (decimal 176)
   defining Unicode char U+00B1 (decimal 177)
   defining Unicode char U+00B2 (decimal 178)
   defining Unicode char U+00B3 (decimal 179)
   defining Unicode char U+00B4 (decimal 180)
   defining Unicode char U+00B5 (decimal 181)
   defining Unicode char U+00B6 (decimal 182)
   defining Unicode char U+00B7 (decimal 183)
   defining Unicode char U+00B9 (decimal 185)
   defining Unicode char U+00BA (decimal 186)
   defining Unicode char U+00BC (decimal 188)
   defining Unicode char U+00BD (decimal 189)
   defining Unicode char U+00BE (decimal 190)
   defining Unicode char U+00D7 (decimal 215)
   defining Unicode char U+00F7 (decimal 247)
   defining Unicode char U+0192 (decimal 402)
   defining Unicode char U+02C7 (decimal 711)
   defining Unicode char U+02D8 (decimal 728)
   defining Unicode char U+02DD (decimal 733)
   defining Unicode char U+0E3F (decimal 3647)
   defining Unicode char U+2016 (decimal 8214)
   defining Unicode char U+2020 (decimal 8224)
   defining Unicode char U+2021 (decimal 8225)
   defining Unicode char U+2022 (decimal 8226)
   defining Unicode char U+2030 (decimal 8240)
   defining Unicode char U+2031 (decimal 8241)
   defining Unicode char U+203B (decimal 8251)
   defining Unicode char U+203D (decimal 8253)
   defining Unicode char U+2044 (decimal 8260)
   defining Unicode char U+204E (decimal 8270)
   defining Unicode char U+2052 (decimal 8274)
   defining Unicode char U+20A1 (decimal 8353)
   defining Unicode char U+20A4 (decimal 8356)
   defining Unicode char U+20A6 (decimal 8358)
   defining Unicode char U+20A9 (decimal 8361)
   defining Unicode char U+20AB (decimal 8363)
   defining Unicode char U+20AC (decimal 8364)
   defining Unicode char U+20B1 (decimal 8369)
   defining Unicode char U+2103 (decimal 8451)
   defining Unicode char U+2116 (decimal 8470)
   defining Unicode char U+2117 (decimal 8471)
   defining Unicode char U+211E (decimal 8478)
   defining Unicode char U+2120 (decimal 8480)
   defining Unicode char U+2122 (decimal 8482)
   defining Unicode char U+2126 (decimal 8486)
   defining Unicode char U+2127 (decimal 8487)
   defining Unicode char U+212E (decimal 8494)
   defining Unicode char U+2190 (decimal 8592)
   defining Unicode char U+2191 (decimal 8593)
   defining Unicode char U+2192 (decimal 8594)
   defining Unicode char U+2193 (decimal 8595)
   defining Unicode char U+2329 (decimal 9001)
   defining Unicode char U+232A (decimal 9002)
   defining Unicode char U+2422 (decimal 9250)
   defining Unicode char U+25E6 (decimal 9702)
   defining Unicode char U+25EF (decimal 9711)
   defining Unicode char U+266A (decimal 9834)
))
LaTeX Info: Redefining \oldstylenums on input line 334.
Package textcomp Info: Setting cmr sub-encoding to TS1/0 on input line 349.
Package textcomp Info: Setting cmss sub-encoding to TS1/0 on input line 350.
Package textcomp Info: Setting cmtt sub-encoding to TS1/0 on input line 351.
Package textcomp Info: Setting cmvtt sub-encoding to TS1/0 on input line 352.
Package textcomp Info: Setting cmbr sub-encoding to TS1/0 on input line 353.
Package textcomp Info: Setting cmtl sub-encoding to TS1/0 on input line 354.
Package textcomp Info: Setting ccr sub-encoding to TS1/0 on input line 355.
Package textcomp Info: Setting ptm sub-encoding to TS1/4 on input line 356.
Package textcomp Info: Setting pcr sub-encoding to TS1/4 on input line 357.
Package textcomp Info: Setting phv sub-encoding to TS1/4 on input line 358.
Package textcomp Info: Setting ppl sub-encoding to TS1/3 on input line 359.
Package textcomp Info: Setting pag sub-encoding to TS1/4 on input line 360.
Package textcomp Info: Setting pbk sub-encoding to TS1/4 on input line 361.
Package textcomp Info: Setting pnc sub-encoding to TS1/4 on input line 362.
Package textcomp Info: Setting pzc sub-encoding to TS1/4 on input line 363.
Package textcomp Info: Setting bch sub-encoding to TS1/4 on input line 364.
Package textcomp Info: Setting put sub-encoding to TS1/5 on input line 365.
Package textcomp Info: Setting uag sub-encoding to TS1/5 on input line 366.
Package textcomp Info: Setting ugq sub-encoding to TS1/5 on input line 367.
Package textcomp Info: Setting ul8 sub-encoding to TS1/4 on input line 368.
Package textcomp Info: Setting ul9 sub-encoding to TS1/4 on input line 369.
Package textcomp Info: Setting augie sub-encoding to TS1/5 on input line 370.
Package textcomp Info: Setting dayrom sub-encoding to TS1/3 on input line 371.
Package textcomp Info: Setting dayroms sub-encoding to TS1/3 on input line 372.

Package textcomp Info: Setting pxr sub-encoding to TS1/0 on input line 373.
Package textcomp Info: Setting pxss sub-encoding to TS1/0 on input line 374.
Package textcomp Info: Setting pxtt sub-encoding to TS1/0 on input line 375.
Package textcomp Info: Setting txr sub-encoding to TS1/0 on input line 376.
Package textcomp Info: Setting txss sub-encoding to TS1/0 on input line 377.
Package textcomp Info: Setting txtt sub-encoding to TS1/0 on input line 378.
Package textcomp Info: Setting lmr sub-encoding to TS1/0 on input line 379.
Package textcomp Info: Setting lmdh sub-encoding to TS1/0 on input line 380.
Package textcomp Info: Setting lmss sub-encoding to TS1/0 on input line 381.
Package textcomp Info: Setting lmssq sub-encoding to TS1/0 on input line 382.
Package textcomp Info: Setting lmvtt sub-encoding to TS1/0 on input line 383.
Package textcomp Info: Setting lmtt sub-encoding to TS1/0 on input line 384.
Package textcomp Info: Setting qhv sub-encoding to TS1/0 on input line 385.
Package textcomp Info: Setting qag sub-encoding to TS1/0 on input line 386.
Package textcomp Info: Setting qbk sub-encoding to TS1/0 on input line 387.
Package textcomp Info: Setting qcr sub-encoding to TS1/0 on input line 388.
Package textcomp Info: Setting qcs sub-encoding to TS1/0 on input line 389.
Package textcomp Info: Setting qpl sub-encoding to TS1/0 on input line 390.
Package textcomp Info: Setting qtm sub-encoding to TS1/0 on input line 391.
Package textcomp Info: Setting qzc sub-encoding to TS1/0 on input line 392.
Package textcomp Info: Setting qhvc sub-encoding to TS1/0 on input line 393.
Package textcomp Info: Setting futs sub-encoding to TS1/4 on input line 394.
Package textcomp Info: Setting futx sub-encoding to TS1/4 on input line 395.
Package textcomp Info: Setting futj sub-encoding to TS1/4 on input line 396.
Package textcomp Info: Setting hlh sub-encoding to TS1/3 on input line 397.
Package textcomp Info: Setting hls sub-encoding to TS1/3 on input line 398.
Package textcomp Info: Setting hlst sub-encoding to TS1/3 on input line 399.
Package textcomp Info: Setting hlct sub-encoding to TS1/5 on input line 400.
Package textcomp Info: Setting hlx sub-encoding to TS1/5 on input line 401.
Package textcomp Info: Setting hlce sub-encoding to TS1/5 on input line 402.
Package textcomp Info: Setting hlcn sub-encoding to TS1/5 on input line 403.
Package textcomp Info: Setting hlcw sub-encoding to TS1/5 on input line 404.
Package textcomp Info: Setting hlcf sub-encoding to TS1/5 on input line 405.
Package textcomp Info: Setting pplx sub-encoding to TS1/3 on input line 406.
Package textcomp Info: Setting pplj sub-encoding to TS1/3 on input line 407.
Package textcomp Info: Setting ptmx sub-encoding to TS1/4 on input line 408.
Package textcomp Info: Setting ptmj sub-encoding to TS1/4 on input line 409.
)

! LaTeX Error: File `wasysym.sty' not found.

Type X to quit or <RETURN> to proceed,
or enter new name. (Default extension: sty)

Enter file name: 

! LaTeX Error: Unknown option `nointegrals' for package `wasysym'.

See the LaTeX manual or LaTeX Companion for explanation.
Type  H <return>  for immediate help.
 ...                                              
                                                  
l.16 \usepackage
                [table]{xcolor}
? 
("C:\Program Files\MiKTeX 2.9\tex\latex\base\fontenc.sty"
Package: fontenc 2017/04/05 v2.0i Standard LaTeX package

("C:\Program Files\MiKTeX 2.9\tex\latex\base\t1enc.def"
File: t1enc.def 2017/04/05 v2.0i Standard LaTeX file
LaTeX Font Info:    Redeclaring font encoding T1 on input line 48.
))
("C:\Program Files\MiKTeX 2.9\tex\latex\psnfss\helvet.sty"
Package: helvet 2005/04/12 PSNFSS-v9.2a (WaS) 
)
("C:\Program Files\MiKTeX 2.9\tex\latex\psnfss\courier.sty"
Package: courier 2005/04/12 PSNFSS-v9.2a (WaS) 
)
("C:\Program Files\MiKTeX 2.9\tex\latex\amsfonts\amssymb.sty"
Package: amssymb 2013/01/14 v3.01 AMS font symbols

("C:\Program Files\MiKTeX 2.9\tex\latex\amsfonts\amsfonts.sty"
Package: amsfonts 2013/01/14 v3.01 Basic AMSFonts support
\@emptytoks=\toks27
\symAMSa=\mathgroup4
\symAMSb=\mathgroup5
LaTeX Font Info:    Overwriting math alphabet `\mathfrak' in version `bold'
(Font)                  U/euf/m/n --> U/euf/b/n on input line 106.
))

! LaTeX Error: File `sectsty.sty' not found.

Type X to quit or <RETURN> to proceed,
or enter new name. (Default extension: sty)

Enter file name: 
! Undefined control sequence.
l.25 \allsectionsfont
                     {%
? 

LaTeX Font Warning: Font shape `T1/cmr/bc/n' undefined
(Font)              using `T1/cmr/m/n' instead on input line 26.

("C:\Program Files\MiKTeX 2.9\tex\latex\geometry\geometry.sty"
Package: geometry 2010/09/12 v5.6 Page Geometry

("C:\Program Files\MiKTeX 2.9\tex\generic\oberdiek\ifpdf.sty"
Package: ifpdf 2017/03/15 v3.2 Provides the ifpdf switch
)
("C:\Program Files\MiKTeX 2.9\tex\generic\oberdiek\ifvtex.sty"
Package: ifvtex 2016/05/16 v1.6 Detect VTeX and its facilities (HO)
Package ifvtex Info: VTeX not detected.
)
("C:\Program Files\MiKTeX 2.9\tex\generic\ifxetex\ifxetex.sty"
Package: ifxetex 2010/09/12 v0.6 Provides ifxetex conditional
)
\Gm@cnth=\count117
\Gm@cntv=\count118
\c@Gm@tempcnt=\count119
\Gm@bindingoffset=\dimen136
\Gm@wd@mp=\dimen137
\Gm@odd@mp=\dimen138
\Gm@even@mp=\dimen139
\Gm@layoutwidth=\dimen140
\Gm@layoutheight=\dimen141
\Gm@layouthoffset=\dimen142
\Gm@layoutvoffset=\dimen143
\Gm@dimlist=\toks28

("C:\Program Files\MiKTeX 2.9\tex\latex\geometry\geometry.cfg"))

! LaTeX Error: File `fancyhdr.sty' not found.

Type X to quit or <RETURN> to proceed,
or enter new name. (Default extension: sty)

Enter file name: 
! Undefined control sequence.
<argument> \undefinedpagestyle 
                               
l.65 \pagestyle{fancyplain}
                           
? 
! Undefined control sequence.
l.66 \fancyhead
               [LE]{\fancyplain{}{\bfseries\thepage}}
? 

! LaTeX Error: Missing \begin{document}.

See the LaTeX manual or LaTeX Companion for explanation.
Type  H <return>  for immediate help.
 ...                                              
                                                  
l.66 \fancyhead[
                LE]{\fancyplain{}{\bfseries\thepage}}
? 
! Undefined control sequence.
l.66 \fancyhead[LE]{\fancyplain
                               {}{\bfseries\thepage}}
? 
! Undefined control sequence.
l.67 \fancyhead
               [CE]{\fancyplain{}{}}
? 
! Undefined control sequence.
l.67 \fancyhead[CE]{\fancyplain
                               {}{}}
? 
! Undefined control sequence.
l.68 \fancyhead
               [RE]{\fancyplain{}{\bfseries\leftmark}}
? 
! Undefined control sequence.
l.68 \fancyhead[RE]{\fancyplain
                               {}{\bfseries\leftmark}}
? 
! Undefined control sequence.
l.69 \fancyhead
               [LO]{\fancyplain{}{\bfseries\rightmark}}
? 
! Undefined control sequence.
l.69 \fancyhead[LO]{\fancyplain
                               {}{\bfseries\rightmark}}
? 
! Undefined control sequence.
l.70 \fancyhead
               [CO]{\fancyplain{}{}}
? 
! Undefined control sequence.
l.70 \fancyhead[CO]{\fancyplain
                               {}{}}
? 
! Undefined control sequence.
l.71 \fancyhead
               [RO]{\fancyplain{}{\bfseries\thepage}}
? 
! Undefined control sequence.
l.71 \fancyhead[RO]{\fancyplain
                               {}{\bfseries\thepage}}
? 
! Undefined control sequence.
l.72 \fancyfoot
               [LE]{\fancyplain{}{}}
? 
! Undefined control sequence.
l.72 \fancyfoot[LE]{\fancyplain
                               {}{}}
? 
! Undefined control sequence.
l.73 \fancyfoot
               [CE]{\fancyplain{}{}}
? 
! Undefined control sequence.
l.73 \fancyfoot[CE]{\fancyplain
                               {}{}}
? 
! Undefined control sequence.
l.74 \fancyfoot
               [RE]{\fancyplain{}{\bfseries\scriptsize Generated by Doxygen }}
? 
! Undefined control sequence.
l.74 \fancyfoot[RE]{\fancyplain
                               {}{\bfseries\scriptsize Generated by Doxygen }}
? 
! Undefined control sequence.
l.75 \fancyfoot
               [LO]{\fancyplain{}{\bfseries\scriptsize Generated by Doxygen }}
? 
! Undefined control sequence.
l.75 \fancyfoot[LO]{\fancyplain
                               {}{\bfseries\scriptsize Generated by Doxygen }}
? 
! Undefined control sequence.
l.76 \fancyfoot
               [CO]{\fancyplain{}{}}
? 
! Undefined control sequence.
l.76 \fancyfoot[CO]{\fancyplain
                               {}{}}
? 
! Undefined control sequence.
l.77 \fancyfoot
               [RO]{\fancyplain{}{}}
? 
! Undefined control sequence.
l.77 \fancyfoot[RO]{\fancyplain
                               {}{}}
? 

! LaTeX Error: \footrulewidth undefined.

See the LaTeX manual or LaTeX Companion for explanation.
Type  H <return>  for immediate help.
 ...                                              
                                                  
l.78 \renewcommand{\footrulewidth}
                                  {0.4pt}
? 

Underfull \hbox (badness 1383) in paragraph at lines 66--85
[]\T1/cmr/m/n/10 [LE]\T1/cmr/bx/n/10 1 \T1/cmr/m/n/10 [CE] [RE] [LO] [CO] [RO]\
T1/cmr/bx/n/10 1 \T1/cmr/m/n/10 [LE] [CE] [RE]\T1/cmr/bx/n/7 Generated by Doxy-
gen
 []


! LaTeX Error: File `natbib.sty' not found.

Type X to quit or <RETURN> to proceed,
or enter new name. (Default extension: sty)

Enter file name: 

! LaTeX Error: File `tocloft.sty' not found.

Type X to quit or <RETURN> to proceed,
or enter new name. (Default extension: sty)

Enter file name: 

! LaTeX Error: Unknown option `titles' for package `tocloft'.

See the LaTeX manual or LaTeX Companion for explanation.
Type  H <return>  for immediate help.
 ...                                              
                                                  
l.89 \setcounter
                {tocdepth}{3}
? 
\@indexfile=\write3
\openout3 = `refman.idx'.

Writing index file refman.idx
("C:\Program Files\MiKTeX 2.9\tex\latex\hyperref\hyperref.sty"
Package: hyperref 2017/03/14 v6.85a Hypertext links for LaTeX

("C:\Program Files\MiKTeX 2.9\tex\generic\oberdiek\hobsub-hyperref.sty"
Package: hobsub-hyperref 2016/05/16 v1.14 Bundle oberdiek, subset hyperref (HO)


("C:\Program Files\MiKTeX 2.9\tex\generic\oberdiek\hobsub-generic.sty"
Package: hobsub-generic 2016/05/16 v1.14 Bundle oberdiek, subset generic (HO)
Package: hobsub 2016/05/16 v1.14 Construct package bundles (HO)
Package hobsub Info: Skipping package `infwarerr' (already loaded).
Package hobsub Info: Skipping package `ltxcmds' (already loaded).
Package: ifluatex 2016/05/16 v1.4 Provides the ifluatex switch (HO)
Package ifluatex Info: LuaTeX not detected.
Package hobsub Info: Skipping package `ifvtex' (already loaded).
Package: intcalc 2016/05/16 v1.2 Expandable calculations with integers (HO)
Package hobsub Info: Skipping package `ifpdf' (already loaded).
Package: etexcmds 2016/05/16 v1.6 Avoid name clashes with e-TeX commands (HO)
Package etexcmds Info: Could not find \expanded.
(etexcmds)             That can mean that you are not using pdfTeX 1.50 or
(etexcmds)             that some package has redefined \expanded.
(etexcmds)             In the latter case, load this package earlier.
Package: kvsetkeys 2016/05/16 v1.17 Key value parser (HO)
Package: kvdefinekeys 2016/05/16 v1.4 Define keys (HO)
Package: pdftexcmds 2017/03/19 v0.25 Utility functions of pdfTeX for LuaTeX (HO
)
Package pdftexcmds Info: LuaTeX not detected.
Package pdftexcmds Info: \pdf@primitive is available.
Package pdftexcmds Info: \pdf@ifprimitive is available.
Package pdftexcmds Info: \pdfdraftmode found.
Package: pdfescape 2016/05/16 v1.14 Implements pdfTeX's escape features (HO)
Package: bigintcalc 2016/05/16 v1.4 Expandable calculations on big integers (HO
)
Package: bitset 2016/05/16 v1.2 Handle bit-vector datatype (HO)
Package: uniquecounter 2016/05/16 v1.3 Provide unlimited unique counter (HO)
)
Package hobsub Info: Skipping package `hobsub' (already loaded).
Package: letltxmacro 2016/05/16 v1.5 Let assignment for LaTeX macros (HO)
Package: hopatch 2016/05/16 v1.3 Wrapper for package hooks (HO)
Package: xcolor-patch 2016/05/16 xcolor patch
Package: atveryend 2016/05/16 v1.9 Hooks at the very end of document (HO)
Package atveryend Info: \enddocument detected (standard20110627).
Package: atbegshi 2016/06/09 v1.18 At begin shipout hook (HO)
Package: refcount 2016/05/16 v3.5 Data extraction from label references (HO)
Package: hycolor 2016/05/16 v1.8 Color options for hyperref/bookmark (HO)
)
("C:\Program Files\MiKTeX 2.9\tex\latex\oberdiek\auxhook.sty"
Package: auxhook 2016/05/16 v1.4 Hooks for auxiliary files (HO)
)
("C:\Program Files\MiKTeX 2.9\tex\latex\oberdiek\kvoptions.sty"
Package: kvoptions 2016/05/16 v3.12 Key value format for package options (HO)
)
\@linkdim=\dimen144
\Hy@linkcounter=\count120
\Hy@pagecounter=\count121

("C:\Program Files\MiKTeX 2.9\tex\latex\hyperref\pd1enc.def"
File: pd1enc.def 2017/03/14 v6.85a Hyperref: PDFDocEncoding definition (HO)
Now handling font encoding PD1 ...
... no UTF-8 mapping file for font encoding PD1
)
\Hy@SavedSpaceFactor=\count122

("C:\Program Files\MiKTeX 2.9\tex\latex\00miktex\hyperref.cfg"
File: hyperref.cfg 2002/06/06 v1.2 hyperref configuration of TeXLive
)
Package hyperref Info: Hyper figures OFF on input line 4498.
Package hyperref Info: Link nesting OFF on input line 4503.
Package hyperref Info: Hyper index ON on input line 4506.
Package hyperref Info: Plain pages OFF on input line 4513.
Package hyperref Info: Backreferencing ON on input line 4516.
Package hyperref Info: Implicit mode ON; LaTeX internals redefined.
Package hyperref Info: Bookmarks ON on input line 4751.

("C:\Program Files\MiKTeX 2.9\tex\latex\hyperref\backref.sty"
Package: backref 2016/05/21 v1.39 Bibliographical back referencing

("C:\Program Files\MiKTeX 2.9\tex\latex\oberdiek\rerunfilecheck.sty"
Package: rerunfilecheck 2016/05/16 v1.8 Rerun checks for auxiliary files (HO)
Package uniquecounter Info: New unique counter `rerunfilecheck' on input line 2
82.
))
\c@Hy@tempcnt=\count123


! LaTeX Error: File `url.sty' not found.

Type X to quit or <RETURN> to proceed,
or enter new name. (Default extension: sty)

Enter file name: 
\XeTeXLinkMargin=\dimen145
\Fld@menulength=\count124
\Field@Width=\dimen146
\Fld@charsize=\dimen147
Package hyperref Info: Hyper figures OFF on input line 6358.
Package hyperref Info: Link nesting OFF on input line 6363.
Package hyperref Info: Hyper index ON on input line 6366.
Package hyperref Info: backreferencing ON on input line 6371.
Package hyperref Info: Link coloring OFF on input line 6378.
Package hyperref Info: Link coloring with OCG OFF on input line 6383.
Package hyperref Info: PDF/A mode OFF on input line 6388.
LaTeX Info: Redefining \ref on input line 6428.
LaTeX Info: Redefining \pageref on input line 6432.
\Hy@abspage=\count125
\c@Item=\count126
\c@Hfootnote=\count127
)

Package hyperref Message: Driver: hpdftex.

("C:\Program Files\MiKTeX 2.9\tex\latex\hyperref\hpdftex.def"
File: hpdftex.def 2017/03/14 v6.85a Hyperref driver for pdfTeX
\Fld@listcount=\count128
\c@bookmark@seq@number=\count129
\Hy@SectionHShift=\skip59
)
Package hyperref Info: Option `colorlinks' set `true' on input line 105.
Package hyperref Info: Option `unicode' set `true' on input line 105.

("C:\Program Files\MiKTeX 2.9\tex\latex\hyperref\puenc.def"
File: puenc.def 2017/03/14 v6.85a Hyperref: PDF Unicode definition (HO)
Now handling font encoding PU ...
... no UTF-8 mapping file for font encoding PU
)

! LaTeX Error: File `caption.sty' not found.

Type X to quit or <RETURN> to proceed,
or enter new name. (Default extension: sty)

Enter file name: 
! Undefined control sequence.
<recently read> \captionsetup 
                              
l.113 \captionsetup
                   {labelsep=space,justification=centering,font={bf},singlel...

? 

! LaTeX Error: Missing \begin{document}.

See the LaTeX manual or LaTeX Companion for explanation.
Type  H <return>  for immediate help.
 ...                                              
                                                  
l.113 \captionsetup{l
                     abelsep=space,justification=centering,font={bf},singlel...

? 

Overfull \hbox (46.37665pt too wide) in paragraph at lines 113--114
[]\T1/cmr/m/n/10 labelsep=space,justification=centering,font=bf,singlelinecheck
=off,skip=4pt,position=top 
 []

(refman.aux)
\openout1 = `refman.aux'.

LaTeX Font Info:    Checking defaults for OML/cmm/m/it on input line 117.
LaTeX Font Info:    ... okay on input line 117.
LaTeX Font Info:    Checking defaults for T1/cmr/m/n on input line 117.
LaTeX Font Info:    ... okay on input line 117.
LaTeX Font Info:    Checking defaults for OT1/cmr/m/n on input line 117.
LaTeX Font Info:    ... okay on input line 117.
LaTeX Font Info:    Checking defaults for OMS/cmsy/m/n on input line 117.
LaTeX Font Info:    ... okay on input line 117.
LaTeX Font Info:    Checking defaults for OMX/cmex/m/n on input line 117.
LaTeX Font Info:    ... okay on input line 117.
LaTeX Font Info:    Checking defaults for U/cmr/m/n on input line 117.
LaTeX Font Info:    ... okay on input line 117.
LaTeX Font Info:    Checking defaults for TS1/cmr/m/n on input line 117.
LaTeX Font Info:    Try loading font information for TS1+cmr on input line 117.

 ("C:\Program Files\MiKTeX 2.9\tex\latex\base\ts1cmr.fd"
File: ts1cmr.fd 2014/09/29 v2.5h Standard LaTeX font definitions
)
LaTeX Font Info:    ... okay on input line 117.
LaTeX Font Info:    Checking defaults for PD1/pdf/m/n on input line 117.
LaTeX Font Info:    ... okay on input line 117.
LaTeX Font Info:    Checking defaults for PU/pdf/m/n on input line 117.
LaTeX Font Info:    ... okay on input line 117.
LaTeX Font Info:    Try loading font information for T1+phv on input line 117.

("C:\Program Files\MiKTeX 2.9\tex\latex\psnfss\t1phv.fd"
File: t1phv.fd 2001/06/04 scalable font definitions for T1/phv.
)
LaTeX Font Info:    Font shape `T1/phv/m/n' will be
(Font)              scaled to size 8.99994pt on input line 117.

("C:\Program Files\MiKTeX 2.9\tex\latex\oberdiek\epstopdf-base.sty"
Package: epstopdf-base 2016/05/15 v2.6 Base part for package epstopdf

("C:\Program Files\MiKTeX 2.9\tex\latex\oberdiek\grfext.sty"
Package: grfext 2016/05/16 v1.2 Manage graphics extensions (HO)
)
Package epstopdf-base Info: Redefining graphics rule for `.eps' on input line 4
38.
Package grfext Info: Graphics extension search list:
(grfext)             [.png,.pdf,.jpg,.mps,.jpeg,.jbig2,.jb2,.PNG,.PDF,.JPG,.JPE
G,.JBIG2,.JB2,.eps]
(grfext)             \AppendGraphicsExtensions on input line 456.
)
*geometry* driver: auto-detecting
*geometry* detected driver: pdftex
*geometry* verbose mode - [ preamble ] result:
* driver: pdftex
* paper: a4paper
* layout: <same size as paper>
* layoutoffset:(h,v)=(0.0pt,0.0pt)
* modes: twoside 
* h-part:(L,W,R)=(71.13188pt, 455.24411pt, 71.13188pt)
* v-part:(T,H,B)=(71.13188pt, 702.78308pt, 71.13188pt)
* \paperwidth=597.50787pt
* \paperheight=845.04684pt
* \textwidth=455.24411pt
* \textheight=702.78308pt
* \oddsidemargin=-1.1381pt
* \evensidemargin=-1.1381pt
* \topmargin=-31.2056pt
* \headheight=12.0pt
* \headsep=18.06749pt
* \topskip=10.0pt
* \footskip=25.29494pt
* \marginparwidth=125.0pt
* \marginparsep=7.0pt
* \columnsep=10.0pt
* \skip\footins=9.0pt plus 4.0pt minus 2.0pt
* \hoffset=0.0pt
* \voffset=0.0pt
* \mag=1000
* \@twocolumnfalse
* \@twosidetrue
* \@mparswitchtrue
* \@reversemarginfalse
* (1in=72.27pt=25.4mm, 1cm=28.453pt)

\AtBeginShipoutBox=\box64
Package hyperref Info: Link coloring ON on input line 117.
("C:\Program Files\MiKTeX 2.9\tex\latex\hyperref\nameref.sty"
Package: nameref 2016/05/21 v2.44 Cross-referencing by name of section

("C:\Program Files\MiKTeX 2.9\tex\generic\oberdiek\gettitlestring.sty"
Package: gettitlestring 2016/05/16 v1.5 Cleanup title references (HO)
)
\c@section@level=\count130
)
LaTeX Info: Redefining \ref on input line 117.
LaTeX Info: Redefining \pageref on input line 117.
LaTeX Info: Redefining \nameref on input line 117.

(refman.out) (refman.out)
\@outlinefile=\write4
\openout4 = `refman.out'.

Package hyperref Info: Option `pageanchor' set `false' on input line 123.
Package hyperref Info: Option `bookmarksnumbered' set `true' on input line 123.

Package hyperref Info: Option `unicode' set `true' on input line 123.
LaTeX Font Info:    Font shape `T1/phv/m/sl' will be
(Font)              scaled to size 8.99994pt on input line 125.
 [1{C:/ProgramData/MiKTeX/2.9/pdftex/config/pdftex.map}

] [2

]
LaTeX Font Info:    Font shape `T1/phv/m/n' will be
(Font)              scaled to size 12.9599pt on input line 128.
LaTeX Font Info:    Font shape `T1/phv/m/n' will be
(Font)              scaled to size 6.29996pt on input line 128.
LaTeX Font Info:    Try loading font information for U+msa on input line 128.
 ("C:\Program Files\MiKTeX 2.9\tex\latex\amsfonts\umsa.fd"
File: umsa.fd 2013/01/14 v3.01 AMS symbols A
)
LaTeX Font Info:    Try loading font information for U+msb on input line 128.

("C:\Program Files\MiKTeX 2.9\tex\latex\amsfonts\umsb.fd"
File: umsb.fd 2013/01/14 v3.01 AMS symbols B
)
LaTeX Font Info:    Font shape `T1/phv/m/n' will be
(Font)              scaled to size 10.79993pt on input line 128.
 [1] [2

]
LaTeX Font Info:    Font shape `T1/phv/m/n' will be
(Font)              scaled to size 22.39185pt on input line 135.
LaTeX Font Info:    Font shape `T1/phv/bx/n' in size <24.88> not available
(Font)              Font shape `T1/phv/b/n' tried instead on input line 135.
LaTeX Font Info:    Font shape `T1/phv/b/n' will be
(Font)              scaled to size 22.39185pt on input line 135.
 (refman.toc)
\tf@toc=\write5
\openout5 = `refman.toc'.

[1

] [2

]
Package hyperref Info: Option `pageanchor' set `true' on input line 138.

Chapter 1.
LaTeX Font Info:    Font shape `T1/phv/m/n' will be
(Font)              scaled to size 18.66588pt on input line 141.
LaTeX Font Info:    Font shape `T1/phv/bx/n' in size <20.74> not available
(Font)              Font shape `T1/phv/b/n' tried instead on input line 141.
LaTeX Font Info:    Font shape `T1/phv/b/n' will be
(Font)              scaled to size 18.66588pt on input line 141.
LaTeX Font Info:    Font shape `T1/phv/bx/n' in size <7> not available
(Font)              Font shape `T1/phv/b/n' tried instead on input line 141.
LaTeX Font Info:    Font shape `T1/phv/b/n' will be
(Font)              scaled to size 6.29996pt on input line 141.
(md__o_l13__r_e_a_d_m_e.tex
LaTeX Font Info:    Font shape `T1/phv/bx/n' in size <14.4> not available
(Font)              Font shape `T1/phv/b/n' tried instead on input line 1.
LaTeX Font Info:    Font shape `T1/phv/b/n' will be
(Font)              scaled to size 12.9599pt on input line 1.
) [1

]
LaTeX Font Info:    Font shape `T1/phv/m/sl' will be
(Font)              scaled to size 6.29996pt on input line 145.
 [2

]
Chapter 2.
(hierarchy.tex
LaTeX Font Info:    Font shape `T1/phv/bx/n' in size <10> not available
(Font)              Font shape `T1/phv/b/n' tried instead on input line 9.
LaTeX Font Info:    Font shape `T1/phv/b/n' will be
(Font)              scaled to size 8.99994pt on input line 9.


LaTeX Warning: Reference `class_recording' on page 3 undefined on input line 9.



LaTeX Warning: Reference `class_task' on page 3 undefined on input line 10.


LaTeX Warning: Reference `class_notes_couple' on page 3 undefined on input line
 12.


LaTeX Warning: Reference `class_notes_exception' on page 3 undefined on input l
ine 13.


LaTeX Warning: Reference `class_notes_manager' on page 3 undefined on input lin
e 14.


LaTeX Warning: Reference `class_q_manage_relation' on page 3 undefined on input
 line 23.


LaTeX Warning: Reference `class_q_ui_relation' on page 3 undefined on input lin
e 24.


LaTeX Warning: Reference `classsupp__note' on page 3 undefined on input line 25
.


LaTeX Warning: Reference `class_qrelations' on page 3 undefined on input line 3
8.


LaTeX Warning: Reference `classpage__notes' on page 3 undefined on input line 4
3.


LaTeX Warning: Reference `classpage__vide' on page 3 undefined on input line 44
.


LaTeX Warning: Reference `class_q_dock_relation' on page 3 undefined on input l
ine 45.


LaTeX Warning: Reference `class_q_note' on page 3 undefined on input line 46.


LaTeX Warning: Reference `class_q_article' on page 3 undefined on input line 48
.


LaTeX Warning: Reference `class_q_recording' on page 3 undefined on input line 
49.


LaTeX Warning: Reference `class_q_task' on page 3 undefined on input line 50.


LaTeX Warning: Reference `class_q_notes_couple' on page 3 undefined on input li
ne 52.

[3]

LaTeX Warning: Reference `class_qreference' on page 4 undefined on input line 5
3.


LaTeX Warning: Reference `classselection__note' on page 4 undefined on input li
ne 54.


LaTeX Warning: Reference `class_relation' on page 4 undefined on input line 56.



LaTeX Warning: Reference `class_relation_manager' on page 4 undefined on input 
line 57.


LaTeX Warning: Reference `class_tuple_note___relation' on page 4 undefined on i
nput line 58.

) [4]
Chapter 3.
(annotated.tex

LaTeX Warning: Reference `class_notes_couple' on page 5 undefined on input line
 19.


LaTeX Warning: Reference `class_notes_exception' on page 5 undefined on input l
ine 20.


LaTeX Warning: Reference `class_notes_manager' on page 5 undefined on input lin
e 21.


LaTeX Warning: Reference `classpage__notes' on page 5 undefined on input line 2
2.


LaTeX Warning: Reference `classpage__vide' on page 5 undefined on input line 23
.


LaTeX Warning: Reference `class_q_article' on page 5 undefined on input line 24
.


LaTeX Warning: Reference `class_q_dock_relation' on page 5 undefined on input l
ine 25.


LaTeX Warning: Reference `class_q_manage_relation' on page 5 undefined on input
 line 26.


LaTeX Warning: Reference `class_q_note' on page 5 undefined on input line 27.


LaTeX Warning: Reference `class_q_notes_couple' on page 5 undefined on input li
ne 28.


LaTeX Warning: Reference `class_q_recording' on page 5 undefined on input line 
29.


LaTeX Warning: Reference `class_qreference' on page 5 undefined on input line 3
0.


LaTeX Warning: Reference `class_qrelations' on page 5 undefined on input line 3
1.


LaTeX Warning: Reference `class_q_task' on page 5 undefined on input line 32.


LaTeX Warning: Reference `class_q_ui_relation' on page 5 undefined on input lin
e 33.


LaTeX Warning: Reference `class_recording' on page 5 undefined on input line 34
.


LaTeX Warning: Reference `class_relation' on page 5 undefined on input line 35.



LaTeX Warning: Reference `class_relation_manager' on page 5 undefined on input 
line 36.


LaTeX Warning: Reference `classselection__note' on page 5 undefined on input li
ne 37.


LaTeX Warning: Reference `classsupp__note' on page 5 undefined on input line 38
.


LaTeX Warning: Reference `class_task' on page 5 undefined on input line 39.


LaTeX Warning: Reference `class_tuple_note___relation' on page 5 undefined on i
nput line 40.

) [5

] [6

]
Chapter 4.
(files.tex

LaTeX Warning: Reference `addcouple_8cpp' on page 7 undefined on input line 3.


LaTeX Warning: Reference `addcouple_8h' on page 7 undefined on input line 4.


LaTeX Warning: Reference `aff__notes_8cpp' on page 7 undefined on input line 5.



LaTeX Warning: Reference `aff__notes_8h' on page 7 undefined on input line 6.


LaTeX Warning: Reference `couplemodel_8cpp' on page 7 undefined on input line 7
.


LaTeX Warning: Reference `couplemodel_8h' on page 7 undefined on input line 8.


LaTeX Warning: Reference `_creation___note_8cpp' on page 7 undefined on input l
ine 9.


LaTeX Warning: Reference `_creation___note_8h' on page 7 undefined on input lin
e 10.


LaTeX Warning: Reference `deletednote_8cpp' on page 7 undefined on input line 1
1.


LaTeX Warning: Reference `deletednote_8h' on page 7 undefined on input line 12.



LaTeX Warning: Reference `dockarchived_8cpp' on page 7 undefined on input line 
13.


LaTeX Warning: Reference `dockarchived_8h' on page 7 undefined on input line 14
.


LaTeX Warning: Reference `form_8cpp' on page 7 undefined on input line 15.


LaTeX Warning: Reference `include_8h' on page 7 undefined on input line 16.


LaTeX Warning: Reference `interface_8cpp' on page 7 undefined on input line 17.



LaTeX Warning: Reference `interface_8h' on page 7 undefined on input line 18.


LaTeX Warning: Reference `main_8cpp' on page 7 undefined on input line 19.


LaTeX Warning: Reference `manager_8cpp' on page 7 undefined on input line 20.


LaTeX Warning: Reference `manager_8h' on page 7 undefined on input line 21.


LaTeX Warning: Reference `notes_8cpp' on page 7 undefined on input line 22.


LaTeX Warning: Reference `notes_8h' on page 7 undefined on input line 23.


LaTeX Warning: Reference `_q_include_8h' on page 7 undefined on input line 24.


LaTeX Warning: Reference `qmanagerelation_8cpp' on page 7 undefined on input li
ne 25.

[7]

LaTeX Warning: Reference `qmanagerelation_8h' on page 8 undefined on input line
 26.


LaTeX Warning: Reference `qnote_8cpp' on page 8 undefined on input line 27.


LaTeX Warning: Reference `qnote_8h' on page 8 undefined on input line 28.


LaTeX Warning: Reference `qreference_8cpp' on page 8 undefined on input line 29
.


LaTeX Warning: Reference `qreference_8h' on page 8 undefined on input line 30.


LaTeX Warning: Reference `qrelations_8cpp' on page 8 undefined on input line 31
.


LaTeX Warning: Reference `qrelations_8h' on page 8 undefined on input line 32.


LaTeX Warning: Reference `quirelation_8cpp' on page 8 undefined on input line 3
3.


LaTeX Warning: Reference `quirelation_8h' on page 8 undefined on input line 34.



LaTeX Warning: Reference `relations_8cpp' on page 8 undefined on input line 35.



LaTeX Warning: Reference `relations_8h' on page 8 undefined on input line 36.


LaTeX Warning: Reference `supp__note_8cpp' on page 8 undefined on input line 37
.


LaTeX Warning: Reference `supp__note_8h' on page 8 undefined on input line 38.


LaTeX Warning: Reference `undoredo_8cpp' on page 8 undefined on input line 39.


LaTeX Warning: Reference `undoredo_8h' on page 8 undefined on input line 40.

) [8]
Chapter 5.
(classadd_couple.tex <classadd_couple.pdf, id=441, 501.875pt x 495.8525pt>
File: classadd_couple.pdf Graphic file (type pdf)

<use classadd_couple.pdf>
Package pdftex.def Info: classadd_couple.pdf used on input line 6.
(pdftex.def)             Requested size: 57.5957pt x 56.9055pt.
LaTeX Font Info:    Font shape `T1/phv/bx/n' in size <12> not available
(Font)              Font shape `T1/phv/b/n' tried instead on input line 9.
LaTeX Font Info:    Font shape `T1/phv/b/n' will be
(Font)              scaled to size 10.79993pt on input line 9.
LaTeX Font Info:    Try loading font information for TS1+phv on input line 12.

("C:\Program Files\MiKTeX 2.9\tex\latex\psnfss\ts1phv.fd"
File: ts1phv.fd 2001/06/04 scalable font definitions for TS1/phv.
)
LaTeX Font Info:    Font shape `TS1/phv/m/n' will be
(Font)              scaled to size 8.99994pt on input line 12.
)
(class_append_text.tex
<class_append_text.pdf, id=442, 501.875pt x 352.31625pt>
File: class_append_text.pdf Graphic file (type pdf)

<use class_append_text.pdf>
Package pdftex.def Info: class_append_text.pdf used on input line 6.
(pdftex.def)             Requested size: 81.05977pt x 56.9055pt.
 [9

 <./classadd_couple.pdf>]) (class_article.tex
<class_article.pdf, id=460, 501.875pt x 704.6325pt>
File: class_article.pdf Graphic file (type pdf)
 <use class_article.pdf>
Package pdftex.def Info: class_article.pdf used on input line 6.
(pdftex.def)             Requested size: 40.52605pt x 56.9055pt.
LaTeX Font Info:    Font shape `T1/phv/m/n' will be
(Font)              scaled to size 8.09995pt on input line 29.
LaTeX Font Info:    Font shape `T1/phv/m/it' in size <9> not available
(Font)              Font shape `T1/phv/m/sl' tried instead on input line 29.
LaTeX Font Info:    Font shape `T1/phv/m/sl' will be
(Font)              scaled to size 8.09995pt on input line 29.
LaTeX Font Info:    Font shape `TS1/phv/m/it' in size <9> not available
(Font)              Font shape `TS1/phv/m/sl' tried instead on input line 29.
LaTeX Font Info:    Font shape `TS1/phv/m/sl' will be
(Font)              scaled to size 8.09995pt on input line 29.

[10 <./class_append_text.pdf> <./class_article.pdf>]
LaTeX Font Info:    Font shape `T1/phv/m/n' will be
(Font)              scaled to size 7.19995pt on input line 50.
LaTeX Font Info:    Try loading font information for T1+pcr on input line 50.

("C:\Program Files\MiKTeX 2.9\tex\latex\psnfss\t1pcr.fd"
File: t1pcr.fd 2001/06/04 font definitions for T1/pcr.
)
LaTeX Font Info:    Font shape `T1/phv/bc/n' will be
(Font)              scaled to size 8.99994pt on input line 56.

Underfull \hbox (badness 10000) detected at line 56
[][][]
 []

) (class_couple_model.tex
<class_couple_model.pdf, id=492, 501.875pt x 300.12125pt>
File: class_couple_model.pdf Graphic file (type pdf)

<use class_couple_model.pdf>
Package pdftex.def Info: class_couple_model.pdf used on input line 6.
(pdftex.def)             Requested size: 95.15813pt x 56.9055pt.
 [11 <./class_couple_model.pdf>])
(class_creation___note.tex
<class_creation___note.pdf, id=518, 501.875pt x 398.48875pt>
File: class_creation___note.pdf Graphic file (type pdf)

<use class_creation___note.pdf>
Package pdftex.def Info: class_creation___note.pdf used on input line 6.
(pdftex.def)             Requested size: 71.66342pt x 56.9055pt.
) (class_deleted_note.tex
<class_deleted_note.pdf, id=522, 501.875pt x 414.54875pt>
File: class_deleted_note.pdf Graphic file (type pdf)

<use class_deleted_note.pdf>
Package pdftex.def Info: class_deleted_note.pdf used on input line 6.
(pdftex.def)             Requested size: 68.89124pt x 56.9055pt.
 [12 <./class_creation___note.pdf>])
(class_dock.tex <class_dock.pdf, id=543, 501.875pt x 299.1175pt>
File: class_dock.pdf Graphic file (type pdf)

<use class_dock.pdf>
Package pdftex.def Info: class_dock.pdf used on input line 6.
(pdftex.def)             Requested size: 143.21965pt x 85.35826pt.
 [13 <./class_deleted_note.pdf> <./class_dock.pdf>])
(class_dock_archived.tex
<class_dock_archived.pdf, id=565, 501.875pt x 597.23125pt>
File: class_dock_archived.pdf Graphic file (type pdf)

<use class_dock_archived.pdf>
Package pdftex.def Info: class_dock_archived.pdf used on input line 6.
(pdftex.def)             Requested size: 71.72469pt x 85.35826pt.
) (class_dock_remove.tex
<class_dock_remove.pdf, id=566, 501.875pt x 621.32124pt>
File: class_dock_remove.pdf Graphic file (type pdf)

<use class_dock_remove.pdf>
Package pdftex.def Info: class_dock_remove.pdf used on input line 6.
(pdftex.def)             Requested size: 68.94484pt x 85.35826pt.
 [14 <./class_dock_archived.pdf>])
(class_edit___notes_couple.tex
<class_edit___notes_couple.pdf, id=586, 501.875pt x 335.2525pt>
File: class_edit___notes_couple.pdf Graphic file (type pdf)

<use class_edit___notes_couple.pdf>
Package pdftex.def Info: class_edit___notes_couple.pdf used on input line 6.
(pdftex.def)             Requested size: 85.18742pt x 56.9055pt.
 [15 <./class_dock_remove.pdf> <./class_edit___notes_couple.pdf>]
LaTeX Font Info:    Font shape `T1/pcr/m/it' in size <8> not available
(Font)              Font shape `T1/pcr/m/sl' tried instead on input line 46.
) (class_edit__relation.tex
<class_edit__relation.pdf, id=613, 501.875pt x 446.66875pt>
File: class_edit__relation.pdf Graphic file (type pdf)

<use class_edit__relation.pdf>
Package pdftex.def Info: class_edit__relation.pdf used on input line 6.
(pdftex.def)             Requested size: 63.93652pt x 56.9055pt.
 [16 <./class_edit__relation.pdf>])
(classinterface.tex <classinterface.pdf, id=630, 501.875pt x 394.47375pt>
File: classinterface.pdf Graphic file (type pdf)

<use classinterface.pdf>
Package pdftex.def Info: classinterface.pdf used on input line 6.
(pdftex.def)             Requested size: 72.39859pt x 56.9055pt.
LaTeX Font Info:    Font shape `T1/phv/m/it' in size <7> not available
(Font)              Font shape `T1/phv/m/sl' tried instead on input line 30.
LaTeX Font Info:    Font shape `T1/phv/m/sl' will be
(Font)              scaled to size 6.29996pt on input line 30.
 [17 <./classinterface.pdf>]

Package longtable Warning: Column widths have changed
(longtable)                in table 5.1 on input line 88.

[18]

Package longtable Warning: Column widths have changed
(longtable)                in table 5.2 on input line 112.


Package longtable Warning: Column widths have changed
(longtable)                in table 5.3 on input line 131.


Package longtable Warning: Column widths have changed
(longtable)                in table 5.4 on input line 150.


Package longtable Warning: Column widths have changed
(longtable)                in table 5.5 on input line 169.


Underfull \vbox (badness 10000) has occurred while \output is active []

 [19])
(class_relation_manager_1_1_iterator.tex) (class_relation_1_1_iterator.tex)
(class_notes_manager_1_1_iterator.tex [20]) (class_note.tex
<class_note.pdf, id=718, 501.875pt x 171.64125pt>
File: class_note.pdf Graphic file (type pdf)
 <use class_note.pdf>
Package pdftex.def Info: class_note.pdf used on input line 6.
(pdftex.def)             Requested size: 166.38506pt x 56.9055pt.
 [21 <./class_note.pdf>]
LaTeX Font Info:    Font shape `T1/phv/bx/n' in size <8> not available
(Font)              Font shape `T1/phv/b/n' tried instead on input line 104.
LaTeX Font Info:    Font shape `T1/phv/b/n' will be
(Font)              scaled to size 7.19995pt on input line 104.
LaTeX Font Info:    Font shape `T1/pcr/bx/n' in size <8> not available
(Font)              Font shape `T1/pcr/b/n' tried instead on input line 104.
 [22]

Package longtable Warning: Column widths have changed
(longtable)                in table 5.6 on input line 129.


Package longtable Warning: Column widths have changed
(longtable)                in table 5.7 on input line 165.

LaTeX Font Info:    Font shape `T1/pcr/m/it' in size <7> not available
(Font)              Font shape `T1/pcr/m/sl' tried instead on input line 174.
[23]

Package longtable Warning: Column widths have changed
(longtable)                in table 5.8 on input line 184.


Package longtable Warning: Column widths have changed
(longtable)                in table 5.9 on input line 203.


Package longtable Warning: Column widths have changed
(longtable)                in table 5.10 on input line 222.

[24]
Underfull \hbox (badness 10000) detected at line 237
[][][]
 []

) (class_notes_couple.tex) (class_notes_exception.tex) (class_notes_manager.tex
[25] [26] [27]

Package longtable Warning: Column widths have changed
(longtable)                in table 5.11 on input line 114.


Package longtable Warning: Column widths have changed
(longtable)                in table 5.12 on input line 133.


Package longtable Warning: Column widths have changed
(longtable)                in table 5.13 on input line 152.

[28]

Package longtable Warning: Column widths have changed
(longtable)                in table 5.14 on input line 171.


Underfull \hbox (badness 10000) detected at line 200
[][][]
 []


Package longtable Warning: Column widths have changed
(longtable)                in table 5.15 on input line 221.


Overfull \vbox (2.24405pt too high) has occurred while \output is active []


[29]

Package longtable Warning: Column widths have changed
(longtable)                in table 5.16 on input line 240.


Package longtable Warning: Column widths have changed
(longtable)                in table 5.17 on input line 259.


Package longtable Warning: Column widths have changed
(longtable)                in table 5.18 on input line 278.

[30]

Package longtable Warning: Column widths have changed
(longtable)                in table 5.19 on input line 297.


Package longtable Warning: Column widths have changed
(longtable)                in table 5.20 on input line 320.


Underfull \hbox (badness 10000) detected at line 321
[][][]
 []

[31]

Package longtable Warning: Column widths have changed
(longtable)                in table 5.21 on input line 350.


Package longtable Warning: Column widths have changed
(longtable)                in table 5.22 on input line 407.

[32]

Package longtable Warning: Column widths have changed
(longtable)                in table 5.23 on input line 426.


Package longtable Warning: Column widths have changed
(longtable)                in table 5.24 on input line 445.

[33]

Package longtable Warning: Column widths have changed
(longtable)                in table 5.25 on input line 478.


Package longtable Warning: Column widths have changed
(longtable)                in table 5.26 on input line 511.

) (classpage__notes.tex
<classpage__notes.pdf, id=1019, 501.875pt x 472.76625pt>
File: classpage__notes.pdf Graphic file (type pdf)

<use classpage__notes.pdf>
Package pdftex.def Info: classpage__notes.pdf used on input line 6.
(pdftex.def)             Requested size: 60.40619pt x 56.9055pt.
 [34 <./classpage__notes.pdf>]) (classpage__vide.tex
<classpage__vide.pdf, id=1045, 501.875pt x 508.90125pt>
File: classpage__vide.pdf Graphic file (type pdf)

<use classpage__vide.pdf>
Package pdftex.def Info: classpage__vide.pdf used on input line 6.
(pdftex.def)             Requested size: 56.1177pt x 56.9055pt.
 [35]) (class_q_article.tex
<class_q_article.pdf, id=1080, 501.875pt x 886.31125pt>
File: class_q_article.pdf Graphic file (type pdf)

<use class_q_article.pdf>
Package pdftex.def Info: class_q_article.pdf used on input line 6.
(pdftex.def)             Requested size: 48.32954pt x 85.35826pt.
 [36 <./classpage__vide.pdf> <./class_q_article.pdf>]) (class_q_dock_relation.t
ex
<class_q_dock_relation.pdf, id=1099, 501.875pt x 386.44376pt>
File: class_q_dock_relation.pdf Graphic file (type pdf)

<use class_q_dock_relation.pdf>
Package pdftex.def Info: class_q_dock_relation.pdf used on input line 6.
(pdftex.def)             Requested size: 73.89955pt x 56.9055pt.
 [37 <./class_q_dock_relation.pdf>])
(class_q_manage_relation.tex
<class_q_manage_relation.pdf, id=1126, 501.875pt x 332.24126pt>
File: class_q_manage_relation.pdf Graphic file (type pdf)

<use class_q_manage_relation.pdf>
Package pdftex.def Info: class_q_manage_relation.pdf used on input line 6.
(pdftex.def)             Requested size: 85.95323pt x 56.9055pt.
) (class_q_note.tex
<class_q_note.pdf, id=1128, 501.875pt x 228.855pt>
File: class_q_note.pdf Graphic file (type pdf)
 <use class_q_note.pdf>
Package pdftex.def Info: class_q_note.pdf used on input line 6.
(pdftex.def)             Requested size: 187.18414pt x 85.35826pt.

[38 <./class_q_manage_relation.pdf>] [39 <./class_q_note.pdf>])
(class_q_notes_couple.tex
<class_q_notes_couple.pdf, id=1182, 501.875pt x 394.47375pt>
File: class_q_notes_couple.pdf Graphic file (type pdf)

<use class_q_notes_couple.pdf>
Package pdftex.def Info: class_q_notes_couple.pdf used on input line 6.
(pdftex.def)             Requested size: 72.39859pt x 56.9055pt.
) (class_q_recording.tex
<class_q_recording.pdf, id=1185, 501.875pt x 684.5575pt>
File: class_q_recording.pdf Graphic file (type pdf)

<use class_q_recording.pdf>
Package pdftex.def Info: class_q_recording.pdf used on input line 6.
(pdftex.def)             Requested size: 62.5734pt x 85.35826pt.
 [40 <./class_q_notes_couple.pdf> <./class_q_recording.pdf>]) (class_qreference
.tex
<class_qreference.pdf, id=1206, 501.875pt x 467.7475pt>
File: class_qreference.pdf Graphic file (type pdf)

<use class_qreference.pdf>
Package pdftex.def Info: class_qreference.pdf used on input line 6.
(pdftex.def)             Requested size: 61.05711pt x 56.9055pt.
 [41 <./class_qreference.pdf>]) (class_qrelations.tex) (class_q_task.tex <class
_q_task.pdf, id=1236, 501.875pt x 886.31125pt>
File: class_q_task.pdf Graphic file (type pdf)

<use class_q_task.pdf>
Package pdftex.def Info: class_q_task.pdf used on input line 6.
(pdftex.def)             Requested size: 48.32954pt x 85.35826pt.
 [42 <./class_q_task.pdf>]) (class_q_ui_relation.tex
<class_q_ui_relation.pdf, id=1260, 501.875pt x 467.7475pt>
File: class_q_ui_relation.pdf Graphic file (type pdf)

<use class_q_ui_relation.pdf>
Package pdftex.def Info: class_q_ui_relation.pdf used on input line 6.
(pdftex.def)             Requested size: 61.05711pt x 56.9055pt.
 [43 <./class_q_ui_relation.pdf>])
(class_recording.tex <class_recording.pdf, id=1290, 501.875pt x 514.92375pt>
File: class_recording.pdf Graphic file (type pdf)

<use class_recording.pdf>
Package pdftex.def Info: class_recording.pdf used on input line 6.
(pdftex.def)             Requested size: 55.45912pt x 56.9055pt.
 [44 <./class_recording.pdf>]
Underfull \hbox (badness 10000) detected at line 68
[][][]
 []

) (class_relation.tex [45]

Package longtable Warning: Column widths have changed
(longtable)                in table 5.27 on input line 68.


Package longtable Warning: Column widths have changed
(longtable)                in table 5.28 on input line 89.

[46]

Package longtable Warning: Column widths have changed
(longtable)                in table 5.29 on input line 108.


Package longtable Warning: Column widths have changed
(longtable)                in table 5.30 on input line 129.


Package longtable Warning: Column widths have changed
(longtable)                in table 5.31 on input line 148.

[47]) (class_relation_manager.tex [48]

Package longtable Warning: Column widths have changed
(longtable)                in table 5.32 on input line 58.


Package longtable Warning: Column widths have changed
(longtable)                in table 5.33 on input line 77.


Package longtable Warning: Column widths have changed
(longtable)                in table 5.34 on input line 96.

[49]

Package longtable Warning: Column widths have changed
(longtable)                in table 5.35 on input line 115.

) (classselection__note.tex
<classselection__note.pdf, id=1469, 501.875pt x 398.48875pt>
File: classselection__note.pdf Graphic file (type pdf)

<use classselection__note.pdf>
Package pdftex.def Info: classselection__note.pdf used on input line 6.
(pdftex.def)             Requested size: 71.66342pt x 56.9055pt.
 [50 <./classselection__note.pdf>]

Package longtable Warning: Column widths have changed
(longtable)                in table 5.36 on input line 59.

) (classsupp__note.tex <classsupp__note.pdf, id=1497, 501.875pt x 514.92375pt>
File: classsupp__note.pdf Graphic file (type pdf)

<use classsupp__note.pdf>
Package pdftex.def Info: classsupp__note.pdf used on input line 6.
(pdftex.def)             Requested size: 55.45912pt x 56.9055pt.
) (class_task.tex
<class_task.pdf, id=1500, 501.875pt x 873.2625pt>
File: class_task.pdf Graphic file (type pdf)
 <use class_task.pdf>
Package pdftex.def Info: class_task.pdf used on input line 6.
(pdftex.def)             Requested size: 32.69958pt x 56.9055pt.
 [51 <./classsupp__note.pdf>] [52 <./class_task.pdf>]
Underfull \hbox (badness 10000) detected at line 99
[][][]
 []

) (class_tuple_note___relation.tex) [53] [54

]
Chapter 6.
(aff__notes_8cpp.tex
Underfull \hbox (badness 10000) in paragraph at lines 8--9

 []


Underfull \hbox (badness 10000) detected at line 14
[][][]
 []


Underfull \hbox (badness 10000) detected at line 17
[][][]
 []


Underfull \hbox (badness 10000) detected at line 20
[][][]
 []

) (aff__notes_8h.tex
Underfull \hbox (badness 10000) in paragraph at lines 8--15

 []

[55]
Underfull \hbox (badness 10000) detected at line 27
[][][]
 []


Underfull \hbox (badness 10000) detected at line 30
[][][]
 []


Underfull \hbox (badness 10000) detected at line 33
[][][]
 []

) (_creation___note_8cpp.tex
Underfull \hbox (badness 10000) in paragraph at lines 8--9

 []


Underfull \hbox (badness 10000) detected at line 14
[][][]
 []


Underfull \hbox (badness 10000) detected at line 17
[][][]
 []


Underfull \hbox (badness 10000) detected at line 20
[][][]
 []

) (_creation___note_8h.tex
Underfull \hbox (badness 10000) in paragraph at lines 8--9

 []

[56]
Underfull \hbox (badness 10000) detected at line 19
[][][]
 []


Underfull \hbox (badness 10000) detected at line 22
[][][]
 []


Underfull \hbox (badness 10000) detected at line 25
[][][]
 []

) (include_8h.tex
Underfull \hbox (badness 10000) in paragraph at lines 8--21

 []


Underfull \hbox (badness 10000) detected at line 26
[][][]
 []

[57]
Underfull \hbox (badness 10000) detected at line 29
[][][]
 []


Underfull \hbox (badness 10000) detected at line 32
[][][]
 []

) (interface_8cpp.tex
Underfull \hbox (badness 10000) in paragraph at lines 8--9

 []


Underfull \hbox (badness 10000) detected at line 14
[][][]
 []


Underfull \hbox (badness 10000) detected at line 17
[][][]
 []


Underfull \hbox (badness 10000) detected at line 20
[][][]
 []

) (interface_8h.tex
Underfull \hbox (badness 10000) in paragraph at lines 8--22

 []

[58]
Underfull \hbox (badness 10000) detected at line 34
[][][]
 []


Underfull \hbox (badness 10000) detected at line 37
[][][]
 []


Underfull \hbox (badness 10000) detected at line 40
[][][]
 []

) (main_8cpp.tex
Underfull \hbox (badness 10000) in paragraph at lines 8--13

 []

[59]
Underfull \hbox (badness 10000) detected at line 36
[][][]
 []


Underfull \hbox (badness 10000) detected at line 39
[][][]
 []


Underfull \hbox (badness 10000) detected at line 42
[][][]
 []

) (manager_8cpp.tex
Underfull \hbox (badness 10000) in paragraph at lines 8--12

 []


Underfull \hbox (badness 10000) detected at line 23
[][][]
 []


Underfull \hbox (badness 10000) detected at line 26
[][][]
 []


Underfull \hbox (badness 10000) detected at line 29
[][][]
 []

) (manager_8h.tex [60]
Underfull \hbox (badness 10000) in paragraph at lines 8--13

 []


Underfull \hbox (badness 10000) detected at line 37
[][][]
 []


Underfull \hbox (badness 10000) detected at line 40
[][][]
 []


Underfull \hbox (badness 10000) detected at line 43
[][][]
 []

[61]) (notes_8cpp.tex
Underfull \hbox (badness 10000) in paragraph at lines 8--13

 []


Underfull \hbox (badness 10000) detected at line 34
[][][]
 []

[62]
Underfull \hbox (badness 10000) detected at line 37
[][][]
 []


Underfull \hbox (badness 10000) detected at line 40
[][][]
 []

) (_q_include_8h.tex
Underfull \hbox (badness 10000) in paragraph at lines 8--44

 []

[63]
Underfull \hbox (badness 10000) detected at line 49
[][][]
 []


Underfull \hbox (badness 10000) detected at line 52
[][][]
 []


Underfull \hbox (badness 10000) detected at line 55
[][][]
 []

) (qnote_8cpp.tex [64]
Underfull \hbox (badness 10000) in paragraph at lines 8--9

 []


Underfull \hbox (badness 10000) detected at line 14
[][][]
 []


Underfull \hbox (badness 10000) detected at line 17
[][][]
 []


Underfull \hbox (badness 10000) detected at line 20
[][][]
 []

) (qnote_8h.tex
Underfull \hbox (badness 10000) in paragraph at lines 8--15

 []


Underfull \hbox (badness 10000) detected at line 31
[][][]
 []


Underfull \hbox (badness 10000) detected at line 34
[][][]
 []


Underfull \hbox (badness 10000) detected at line 37
[][][]
 []

) (relations_8cpp.tex [65]
Underfull \hbox (badness 10000) in paragraph at lines 8--10

 []


Underfull \hbox (badness 10000) detected at line 15
[][][]
 []


Underfull \hbox (badness 10000) detected at line 18
[][][]
 []


Underfull \hbox (badness 10000) detected at line 21
[][][]
 []

) (supp__note_8cpp.tex [66]
Underfull \hbox (badness 10000) in paragraph at lines 8--9

 []


Underfull \hbox (badness 10000) detected at line 14
[][][]
 []


Underfull \hbox (badness 10000) detected at line 17
[][][]
 []


Underfull \hbox (badness 10000) detected at line 20
[][][]
 []

) (supp__note_8h.tex
Underfull \hbox (badness 10000) in paragraph at lines 8--10

 []


Underfull \hbox (badness 10000) detected at line 20
[][][]
 []


Underfull \hbox (badness 10000) detected at line 23
[][][]
 []


Underfull \hbox (badness 10000) detected at line 26
[][][]
 []

) (undoredo_8cpp.tex
Underfull \hbox (badness 10000) in paragraph at lines 8--9

 []

[67]
Underfull \hbox (badness 10000) detected at line 14
[][][]
 []


Underfull \hbox (badness 10000) detected at line 17
[][][]
 []


Underfull \hbox (badness 10000) detected at line 20
[][][]
 []

) (undoredo_8h.tex
Underfull \hbox (badness 10000) in paragraph at lines 8--9

 []


Underfull \hbox (badness 10000) detected at line 19
[][][]
 []


Underfull \hbox (badness 10000) detected at line 22
[][][]
 []


Underfull \hbox (badness 10000) detected at line 25
[][][]
 []

) [68] (refman.ind [69




])

Package longtable Warning: Table widths have changed. Rerun LaTeX.

Package atveryend Info: Empty hook `BeforeClearDocument' on input line 220.
Package atveryend Info: Empty hook `AfterLastShipout' on input line 220.
(refman.aux)
Package atveryend Info: Executing hook `AtVeryEndDocument' on input line 220.
Package atveryend Info: Executing hook `AtEndAfterFileList' on input line 220.


Package rerunfilecheck Warning: File `refman.out' has changed.
(rerunfilecheck)                Rerun to get outlines right
(rerunfilecheck)                or use package `bookmark'.

Package rerunfilecheck Info: Checksums for `refman.out':
(rerunfilecheck)             Before: A331D28501C38D8ACC5C17BDF5AABAE8;11464
(rerunfilecheck)             After:  2996352CAF8777C1364B80AEE04C8260;40898.

LaTeX Font Warning: Some font shapes were not available, defaults substituted.


LaTeX Warning: There were undefined references.


LaTeX Warning: Label(s) may have changed. Rerun to get cross-references right.

Package atveryend Info: Empty hook `AtVeryVeryEnd' on input line 220.
 ) 
Here is how much of TeX's memory you used:
 13362 strings out of 493323
 209964 string characters out of 3139066
 273746 words of memory out of 3000000
 15804 multiletter control sequences out of 15000+200000
 61093 words of font info for 85 fonts, out of 3000000 for 9000
 1141 hyphenation exceptions out of 8191
 48i,14n,37p,717b,606s stack positions out of 5000i,500n,10000p,200000b,50000s
pdfTeX warning (dest): name{relations_8h_source} has been referenced but does
 not exist, replaced by a fixed one

pdfTeX warning (dest): name{notes_8h_source} has been referenced but does not e
xist, replaced by a fixed one

{C:/Program Files/MiKTeX 2.9/fonts/enc/dvips/base/8r.enc} <C:\Users\maxim\AppDa
ta\Local\MiKTeX\2.9\fonts\pk\ljfour\jknappen\ec\dpi600\ecbx0700.pk> <C:\Users\m
axim\AppData\Local\MiKTeX\2.9\fonts\pk\ljfour\jknappen\ec\dpi600\ecbx1000.pk> <
C:\Users\maxim\AppData\Local\MiKTeX\2.9\fonts\pk\ljfour\jknappen\ec\dpi600\ecrm
1000.pk><C:/Program Files/MiKTeX 2.9/fonts/type1/public/amsfonts/cm/cmmi10.pfb>
<C:/Program Files/MiKTeX 2.9/fonts/type1/public/amsfonts/cm/cmmi7.pfb><C:/Progr
am Files/MiKTeX 2.9/fonts/type1/public/amsfonts/cm/cmmi8.pfb><C:/Program Files/
MiKTeX 2.9/fonts/type1/public/amsfonts/cm/cmmi9.pfb><C:/Program Files/MiKTeX 2.
9/fonts/type1/public/amsfonts/cm/cmsy10.pfb><C:/Program Files/MiKTeX 2.9/fonts/
type1/public/amsfonts/cm/cmsy7.pfb><C:/Program Files/MiKTeX 2.9/fonts/type1/pub
lic/amsfonts/cm/cmsy8.pfb><C:/Program Files/MiKTeX 2.9/fonts/type1/urw/courier/
ucrb8a.pfb><C:/Program Files/MiKTeX 2.9/fonts/type1/urw/courier/ucrr8a.pfb><C:/
Program Files/MiKTeX 2.9/fonts/type1/urw/courier/ucrro8a.pfb><C:/Program Files/
MiKTeX 2.9/fonts/type1/urw/helvetic/uhvb8a.pfb><C:/Program Files/MiKTeX 2.9/fon
ts/type1/urw/helvetic/uhvb8ac.pfb><C:/Program Files/MiKTeX 2.9/fonts/type1/urw/
helvetic/uhvr8a.pfb><C:/Program Files/MiKTeX 2.9/fonts/type1/urw/helvetic/uhvro
8a.pfb>
Output written on refman.pdf (75 pages, 500728 bytes).
PDF statistics:
 2048 PDF objects out of 2073 (max. 8388607)
 781 named destinations out of 1000 (max. 500000)
 589 words of extra memory for PDF output out of 10000 (max. 10000000)

